#
# A fatal error has been detected by the Java Runtime Environment:
#
#  EXCEPTION_ACCESS_VIOLATION (0xc0000005) at pc=0x00007ff942d46407, pid=10996, tid=25276
#
# JRE version: OpenJDK Runtime Environment (21.0.1+12) (build 21.0.1+12-29)
# Java VM: OpenJDK 64-Bit Server VM (21.0.1+12-29, mixed mode, sharing, tiered, compressed oops, compressed class ptrs, g1 gc, windows-amd64)
# Problematic frame:
# C  [glass.dll+0x26407]
#
# No core dump will be written. Minidumps are not enabled by default on client versions of Windows
#
# If you would like to submit a bug report, please visit:
#   https://bugreport.java.com/bugreport/crash.jsp
#

---------------  S U M M A R Y ------------

Command Line: -javaagent:C:\Program Files\JetBrains\IntelliJ IDEA Community Edition 2023.1.1\lib\idea_rt.jar=50128:C:\Program Files\JetBrains\IntelliJ IDEA Community Edition 2023.1.1\bin -Dfile.encoding=UTF-8 -Dsun.stdout.encoding=UTF-8 -Dsun.stderr.encoding=UTF-8 --module-path=C:\Users\BigMac\IdeaProjects\Wish122Full (2)\target\classes;C:\Users\BigMac\.m2\repository\org\openjfx\javafx-media\20\javafx-media-20-win.jar;C:\Users\BigMac\.m2\repository\org\kordamp\ikonli\ikonli-core\12.3.1\ikonli-core-12.3.1.jar;C:\Users\BigMac\.m2\repository\org\openjfx\javafx-fxml\20\javafx-fxml-20-win.jar;C:\Users\BigMac\.m2\repository\com\github\almasb\fxgl-scene\17.2\fxgl-scene-17.2.jar;C:\Users\BigMac\.m2\repository\org\openjfx\javafx-base\20\javafx-base-20-win.jar;C:\Users\BigMac\.m2\repository\com\github\almasb\fxgl\17.2\fxgl-17.2.jar;C:\Users\BigMac\.m2\repository\com\fasterxml\jackson\core\jackson-databind\2.12.1\jackson-databind-2.12.1.jar;C:\Users\BigMac\.m2\repository\com\fasterxml\jackson\core\jackson-annotations\2.12.1\jackson-annotations-2.12.1.jar;C:\Users\BigMac\.m2\repository\com\github\almasb\fxgl-core\17.2\fxgl-core-17.2.jar;C:\Users\BigMac\.m2\repository\com\dlsc\formsfx\formsfx-core\11.6.0\formsfx-core-11.6.0.jar;C:\Users\BigMac\.m2\repository\org\controlsfx\controlsfx\11.1.2\controlsfx-11.1.2.jar;C:\Users\BigMac\.m2\repository\com\github\almasb\fxgl-gameplay\17.2\fxgl-gameplay-17.2.jar;C:\Users\BigMac\.m2\repository\com\gluonhq\attach\storage\4.0.13\storage-4.0.13.jar;C:\Users\BigMac\.m2\repository\org\openjfx\javafx-graphics\20\javafx-graphics-20-win.jar;C:\Users\BigMac\.m2\repository\com\gluonhq\attach\util\4.0.13\util-4.0.13.jar;C:\Users\BigMac\.m2\repository\org\kordamp\bootstrapfx\bootstrapfx-core\0.4.0\bootstrapfx-core-0.4.0.jar;C:\Users\BigMac\.m2\repository\org\jetbrains\kotlin\kotlin-stdlib\1.6.0\kotlin-stdlib-1.6.0-modular.jar;C:\Users\BigMac\.m2\repository\org\openjfx\javafx-controls\20\javafx-controls-20-win.jar;C:\Users\BigMac\.m2\repository\com\github\almasb\fxgl-io\17.2\fxgl-io-17.2.jar;C:\Users\BigMac\.m2\repository\com\gluonhq\attach\lifecycle\4.0.13\lifecycle-4.0.13.jar;C:\Users\BigMac\.m2\repository\org\kordamp\ikonli\ikonli-javafx\12.3.1\ikonli-javafx-12.3.1.jar;C:\Users\BigMac\.m2\repository\com\gluon-Djdk.module.main=com.example.wish122full com.example.wish122full/com.example.wish122.Wish122

Host: AMD Ryzen 7 5700X 8-Core Processor             , 16 cores, 15G,  Windows 11 , 64 bit Build 22621 (10.0.22621.2506)
Time: Sat Dec  9 23:04:05 2023 Malay Peninsula Standard Time elapsed time: 241.645119 seconds (0d 0h 4m 1s)

---------------  T H R E A D  ---------------

Current thread (0x000001e7cfa416b0):  VMThread "VM Thread"          [id=25276, stack(0x000000c365000000,0x000000c365100000) (1024K)]

Stack: [0x000000c365000000,0x000000c365100000],  sp=0x000000c3650ff100,  free space=1020k
Native frames: (J=compiled Java code, j=interpreted, Vv=VM code, C=native code)
C  [glass.dll+0x26407]


siginfo: EXCEPTION_ACCESS_VIOLATION (0xc0000005), reading address 0x0000000000000000


Registers:
RAX=0x0000000000000000, RBX=0x000001e815507412, RCX=0x000001e7cfa416b0, RDX=0x000000c3650ff100
RSP=0x000000c3650ff100, RBP=0x000001e815ac0758, RSI=0x000000c3650ff208, RDI=0x000001e815ac0730
R8 =0x0000000000010002, R9 =0x000001e815ac0730, R10=0x85f13e9656da4870, R11=0x000000c3650ff090
R12=0x00007ff942d43d40, R13=0x00007ff923d11fa0, R14=0x0000d1ade403d75d, R15=0x000001e815ac0730
RIP=0x00007ff942d46407, EFLAGS=0x0000000000010202


Register to memory mapping:

RAX=0x0 is null
RBX=0x000001e815507412 is a global jni handle
RCX=0x000001e7cfa416b0 points into unknown readable memory: 0x00007ff923b23f88 | 88 3f b2 23 f9 7f 00 00
RDX=0x000000c3650ff100 points into unknown readable memory: 0x0000000000000000 | 00 00 00 00 00 00 00 00
RSP=0x000000c3650ff100 points into unknown readable memory: 0x0000000000000000 | 00 00 00 00 00 00 00 00
RBP=0x000001e815ac0758 points into unknown readable memory: 0x0000d1ade403d75d | 5d d7 03 e4 ad d1 00 00
RSI=0x000000c3650ff208 points into unknown readable memory: 0x000000c3650ff1f0 | f0 f1 0f 65 c3 00 00 00
RDI=0x000001e815ac0730 points into unknown readable memory: 0x285a56a6e403d8a2 | a2 d8 03 e4 a6 56 5a 28
R8 =0x0000000000010002 is an unknown value
R9 =0x000001e815ac0730 points into unknown readable memory: 0x285a56a6e403d8a2 | a2 d8 03 e4 a6 56 5a 28
R10=0x85f13e9656da4870 is an unknown value
R11=0x000000c3650ff090 points into unknown readable memory: 0x000001e815ac0730 | 30 07 ac 15 e8 01 00 00
R12=0x00007ff942d43d40 glass.dll
R13=0x00007ff923d11fa0 jvm.dll
R14=0x0000d1ade403d75d is an unknown value
R15=0x000001e815ac0730 points into unknown readable memory: 0x285a56a6e403d8a2 | a2 d8 03 e4 a6 56 5a 28

Top of Stack: (sp=0x000000c3650ff100)
0x000000c3650ff100:   0000000000000000 000000c3650ff208
0x000000c3650ff110:   00007ff923d11fa0 00007ff942d43d40
0x000000c3650ff120:   000001e815ac0738 00007ff99e8d3a83
0x000000c3650ff130:   000001e815ac0730 000001e800000000
0x000000c3650ff140:   000001e815ac0758 000000c3650ff208
0x000000c3650ff150:   fffffffffffffffe 0000000000000000
0x000000c3650ff160:   0000000000000001 00007ff942d20000
0x000000c3650ff170:   000000c3650ff1f8 00007ff99e8a006e
0x000000c3650ff180:   0000000000000000 000000c3650ff208
0x000000c3650ff190:   000000c3650ff4f0 0000000000000001
0x000000c3650ff1a0:   0000000000000001 00007ff99e89da1d
0x000000c3650ff1b0:   0000000000000000 00007ff942d43539
0x000000c3650ff1c0:   0000000000000000 000000c3650ff1f8
0x000000c3650ff1d0:   fffffffffffffffe 000000c300000000
0x000000c3650ff1e0:   ffffffff00000001 00007ff942d43bcd
0x000000c3650ff1f0:   00007ff942d59f88 00007ff900000002
0x000000c3650ff200:   0000000000000002 000000c3650ff1f0
0x000000c3650ff210:   00007ff99d3f0000 00007ff9a0f98603
0x000000c3650ff220:   0000000000000000 00007ff942d43cf2
0x000000c3650ff230:   0000000000000001 0000000000000000
0x000000c3650ff240:   000000c3650ff4f0 0000000000000001
0x000000c3650ff250:   000000000000001f 000001e8217e0000
0x000000c3650ff260:   00007ff900000001 000001e8217e0000
0x000000c3650ff270:   00007ff942d20000 000000007ffe0384
0x000000c3650ff280:   0000000000000000 00007ff9a0f9869f
0x000000c3650ff290:   00007ff942d20000 0000000000000000
0x000000c3650ff2a0:   0000000000000001 000000007ffe0385
0x000000c3650ff2b0:   00007ff9a10a7a20 00007ff974ab86e0
0x000000c3650ff2c0:   0000e5cfd4ddc300 00007ff974a30000
0x000000c3650ff2d0:   00007ff942d43d40 0000000000000000
0x000000c3650ff2e0:   0000000000000000 000000c364528000
0x000000c3650ff2f0:   000001e815abe8c0 00007ff9a0fc10a6 

Instructions: (pc=0x00007ff942d46407)
0x00007ff942d46307:   8b 4d 58 e8 7d cf ff ff 48 8b 4d 60 e8 74 cf ff
0x00007ff942d46317:   ff 48 8b 95 80 00 00 00 48 8b 8d 18 01 00 00 e8
0x00007ff942d46327:   66 c4 ff ff 33 d2 33 c9 e8 bc e1 ff ff 90 48 89
0x00007ff942d46337:   54 24 10 55 48 83 ec 20 48 8b ea 48 b8 00 00 00
0x00007ff942d46347:   00 00 00 00 00 48 83 c4 20 5d c3 cc 40 55 48 8b
0x00007ff942d46357:   ea 48 8b 01 33 c9 81 38 05 00 00 c0 0f 94 c1 8b
0x00007ff942d46367:   c1 5d c3 cc 40 55 48 83 ec 20 48 8b ea 8a 4d 40
0x00007ff942d46377:   48 83 c4 20 5d e9 63 d3 ff ff cc 40 55 48 83 ec
0x00007ff942d46387:   20 48 8b ea 8a 4d 20 e8 51 d3 ff ff 90 48 83 c4
0x00007ff942d46397:   20 5d c3 cc 40 55 48 83 ec 20 48 8b ea 48 83 c4
0x00007ff942d463a7:   20 5d e9 b2 d1 ff ff cc 40 55 48 83 ec 30 48 8b
0x00007ff942d463b7:   ea 48 8b 01 8b 10 48 89 4c 24 28 89 54 24 20 4c
0x00007ff942d463c7:   8d 0d 53 d6 ff ff 4c 8b 45 70 8b 55 68 48 8b 4d
0x00007ff942d463d7:   60 e8 f3 d0 ff ff 90 48 83 c4 30 5d c3 cc cc cc
0x00007ff942d463e7:   cc cc cc cc cc cc cc cc cc 40 53 48 83 ec 20 48
0x00007ff942d463f7:   8b 1d 8b 35 01 00 48 85 db 74 16 e8 79 8b ff ff
0x00007ff942d46407:   4c 8b 00 48 8b d3 48 8b c8 41 ff 90 b0 00 00 00
0x00007ff942d46417:   90 48 83 c4 20 5b c3 cc cc 40 53 48 83 ec 20 48
0x00007ff942d46427:   8b 1d fb 36 01 00 48 85 db 74 57 b8 ff ff ff ff
0x00007ff942d46437:   f0 0f c1 43 10 83 f8 01 75 3d 48 85 db 74 38 48
0x00007ff942d46447:   8b 0b 48 85 c9 74 0d ff 15 54 0e 00 00 48 c7 03
0x00007ff942d46457:   00 00 00 00 48 8b 4b 08 48 85 c9 74 0d e8 23 ce
0x00007ff942d46467:   ff ff 48 c7 43 08 00 00 00 00 ba 18 00 00 00 48
0x00007ff942d46477:   8b cb e8 0e ce ff ff 48 c7 05 9f 36 01 00 00 00
0x00007ff942d46487:   00 00 48 83 c4 20 5b c3 cc 40 53 48 83 ec 20 48
0x00007ff942d46497:   8b 1d 6b 36 01 00 48 85 db 74 57 b8 ff ff ff ff
0x00007ff942d464a7:   f0 0f c1 43 10 83 f8 01 75 3d 48 85 db 74 38 48
0x00007ff942d464b7:   8b 0b 48 85 c9 74 0d ff 15 e4 0d 00 00 48 c7 03
0x00007ff942d464c7:   00 00 00 00 48 8b 4b 08 48 85 c9 74 0d e8 b3 cd
0x00007ff942d464d7:   ff ff 48 c7 43 08 00 00 00 00 ba 18 00 00 00 48
0x00007ff942d464e7:   8b cb e8 9e cd ff ff 48 c7 05 0f 36 01 00 00 00
0x00007ff942d464f7:   00 00 48 83 c4 20 5b c3 cc 40 53 48 83 ec 20 48 


Stack slot to memory mapping:

stack at sp + 0 slots: 0x0 is null
stack at sp + 1 slots: 0x000000c3650ff208 points into unknown readable memory: 0x000000c3650ff1f0 | f0 f1 0f 65 c3 00 00 00
stack at sp + 2 slots: 0x00007ff923d11fa0 jvm.dll
stack at sp + 3 slots: 0x00007ff942d43d40 glass.dll
stack at sp + 4 slots: 0x000001e815ac0738 points into unknown readable memory: 0x0000d1ade403d75d | 5d d7 03 e4 ad d1 00 00
stack at sp + 5 slots: 0x00007ff99e8d3a83 ucrtbase.dll
stack at sp + 6 slots: 0x000001e815ac0730 points into unknown readable memory: 0x285a56a6e403d8a2 | a2 d8 03 e4 a6 56 5a 28
stack at sp + 7 slots: 0x000001e800000000 is an unknown value

VM_Operation (0x000000c36a20ef80): Exit, mode: safepoint, requested by thread 0x000001e820cb2940


---------------  P R O C E S S  ---------------

Threads class SMR info:
_java_thread_list=0x000001e8154e6b00, length=27, elements={
0x000001e7adb04300, 0x000001e7cfa600f0, 0x000001e7cfa61010, 0x000001e7cfa68180,
0x000001e7cfa6a200, 0x000001e7cfa6ad90, 0x000001e7cfa6f150, 0x000001e7cfa78160,
0x000001e7cfcbc350, 0x000001e8154b0d10, 0x000001e81527eae0, 0x000001e815841c30,
0x000001e815bbebb0, 0x000001e815bd1d50, 0x000001e815f7ac40, 0x000001e815f834b0,
0x000001e81615f750, 0x000001e81615e3a0, 0x000001e816160470, 0x000001e820cae7a0,
0x000001e820cb1590, 0x000001e820cb1c20, 0x000001e820cb0870, 0x000001e820cb22b0,
0x000001e820cacd60, 0x000001e820cb01e0, 0x000001e820cb2940
}

Java Threads: ( => current thread )
  0x000001e7adb04300 JavaThread "main"                              [_thread_blocked, id=27436, stack(0x000000c364900000,0x000000c364a00000) (1024K)]
  0x000001e7cfa600f0 JavaThread "Reference Handler"          daemon [_thread_blocked, id=10396, stack(0x000000c365100000,0x000000c365200000) (1024K)]
  0x000001e7cfa61010 JavaThread "Finalizer"                  daemon [_thread_blocked, id=16996, stack(0x000000c365200000,0x000000c365300000) (1024K)]
  0x000001e7cfa68180 JavaThread "Attach Listener"            daemon [_thread_blocked, id=14556, stack(0x000000c365400000,0x000000c365500000) (1024K)]
  0x000001e7cfa6a200 JavaThread "Service Thread"             daemon [_thread_blocked, id=27344, stack(0x000000c365500000,0x000000c365600000) (1024K)]
  0x000001e7cfa6ad90 JavaThread "Monitor Deflation Thread"   daemon [_thread_blocked, id=15936, stack(0x000000c365600000,0x000000c365700000) (1024K)]
  0x000001e7cfa6f150 JavaThread "C2 CompilerThread0"         daemon [_thread_blocked, id=5900, stack(0x000000c365700000,0x000000c365800000) (1024K)]
  0x000001e7cfa78160 JavaThread "C1 CompilerThread0"         daemon [_thread_blocked, id=21568, stack(0x000000c365800000,0x000000c365900000) (1024K)]
  0x000001e7cfcbc350 JavaThread "Common-Cleaner"             daemon [_thread_blocked, id=14912, stack(0x000000c365b00000,0x000000c365c00000) (1024K)]
  0x000001e8154b0d10 JavaThread "Monitor Ctrl-Break"         daemon [_thread_in_native, id=10332, stack(0x000000c365e00000,0x000000c365f00000) (1024K)]
  0x000001e81527eae0 JavaThread "Notification Thread"        daemon [_thread_blocked, id=3376, stack(0x000000c365f00000,0x000000c366000000) (1024K)]
  0x000001e815841c30 JavaThread "QuantumRenderer-0"          daemon [_thread_blocked, id=17328, stack(0x000000c366000000,0x000000c366100000) (1024K)]
  0x000001e815bbebb0 JavaThread "InvokeLaterDispatcher"      daemon [_thread_blocked, id=24156, stack(0x000000c365c00000,0x000000c365d00000) (1024K)]
  0x000001e815bd1d50 JavaThread "JavaFX Application Thread"         [_thread_in_native, id=27032, stack(0x000000c366600000,0x000000c366700000) (1024K)]
  0x000001e815f7ac40 JavaThread "JavaFX-Launcher"                   [_thread_blocked, id=17156, stack(0x000000c366900000,0x000000c366a00000) (1024K)]
  0x000001e815f834b0 JavaThread "Thread-2"                   daemon [_thread_in_native, id=20724, stack(0x000000c366800000,0x000000c366900000) (1024K)]
  0x000001e81615f750 JavaThread "Prism Font Disposer"        daemon [_thread_blocked, id=4576, stack(0x000000c366c00000,0x000000c366d00000) (1024K)]
  0x000001e81615e3a0 JavaThread "Cleaner-0"                  daemon [_thread_blocked, id=388, stack(0x000000c367800000,0x000000c367900000) (1024K)]
  0x000001e816160470 JavaThread "JFXMedia Player EventQueueThread" daemon [_thread_blocked, id=2632, stack(0x000000c368110000,0x000000c368210000) (1024K)]
  0x000001e820cae7a0 JavaThread "Media Resource Disposer"    daemon [_thread_blocked, id=16152, stack(0x000000c368c10000,0x000000c368d10000) (1024K)]
  0x000001e820cb1590 JavaThread "JFXMedia Player EventQueueThread" daemon [_thread_blocked, id=5608, stack(0x000000c366100000,0x000000c366200000) (1024K)]
  0x000001e820cb1c20 JavaThread "JFXMedia Player EventQueueThread" daemon [_thread_blocked, id=21276, stack(0x000000c368d10000,0x000000c368e10000) (1024K)]
  0x000001e820cb0870 JavaThread "JFXMedia Player EventQueueThread" daemon [_thread_blocked, id=3884, stack(0x000000c369210000,0x000000c369310000) (1024K)]
  0x000001e820cb22b0 JavaThread "JFXMedia Player EventQueueThread" daemon [_thread_blocked, id=5880, stack(0x000000c367e10000,0x000000c367f10000) (1024K)]
  0x000001e820cacd60 JavaThread "JFXMedia Player EventQueueThread" daemon [_thread_blocked, id=13004, stack(0x000000c365910000,0x000000c365a10000) (1024K)]
  0x000001e820cb01e0 JavaThread "Timer-9"                    daemon [_thread_blocked, id=27092, stack(0x000000c369f10000,0x000000c36a010000) (1024K)]
  0x000001e820cb2940 JavaThread "SIGINT handler"             daemon [_thread_blocked, id=21736, stack(0x000000c36a110000,0x000000c36a210000) (1024K)]
Total: 27

Other Threads:
=>0x000001e7cfa416b0 VMThread "VM Thread"                           [id=25276, stack(0x000000c365000000,0x000000c365100000) (1024K)]
  0x000001e7afecda30 WorkerThread "GC Thread#0"                     [id=4448, stack(0x000000c364a00000,0x000000c364b00000) (1024K)]
  0x000001e815bc2e80 WorkerThread "GC Thread#1"                     [id=6764, stack(0x000000c365d00000,0x000000c365e00000) (1024K)]
  0x000001e815bc3220 WorkerThread "GC Thread#2"                     [id=11544, stack(0x000000c366200000,0x000000c366300000) (1024K)]
  0x000001e815bc55d0 WorkerThread "GC Thread#3"                     [id=16280, stack(0x000000c366300000,0x000000c366400000) (1024K)]
  0x000001e815bc6590 WorkerThread "GC Thread#4"                     [id=13784, stack(0x000000c366400000,0x000000c366500000) (1024K)]
  0x000001e815bcf970 WorkerThread "GC Thread#5"                     [id=22364, stack(0x000000c366500000,0x000000c366600000) (1024K)]
  0x000001e8163a7860 WorkerThread "GC Thread#6"                     [id=28008, stack(0x000000c367000000,0x000000c367100000) (1024K)]
  0x000001e8163a7120 WorkerThread "GC Thread#7"                     [id=11328, stack(0x000000c367100000,0x000000c367200000) (1024K)]
  0x000001e8163a7c00 WorkerThread "GC Thread#8"                     [id=2812, stack(0x000000c367200000,0x000000c367300000) (1024K)]
  0x000001e8163a74c0 WorkerThread "GC Thread#9"                     [id=22000, stack(0x000000c367300000,0x000000c367400000) (1024K)]
  0x000001e8163a7fa0 WorkerThread "GC Thread#10"                    [id=22724, stack(0x000000c367400000,0x000000c367500000) (1024K)]
  0x000001e8163a8340 WorkerThread "GC Thread#11"                    [id=12984, stack(0x000000c367500000,0x000000c367600000) (1024K)]
  0x000001e8163a6d80 WorkerThread "GC Thread#12"                    [id=25292, stack(0x000000c367600000,0x000000c367700000) (1024K)]
  0x000001e7afede910 ConcurrentGCThread "G1 Main Marker"            terminated
  0x000001e7afedf320 WorkerThread "G1 Conc#0"                       [id=2716, stack(0x000000c364c00000,0x000000c364d00000) (1024K)]
  0x000001e8206d1140 WorkerThread "G1 Conc#1"                       [id=20528, stack(0x000000c367c10000,0x000000c367d10000) (1024K)]
  0x000001e8206d1880 WorkerThread "G1 Conc#2"                       [id=14568, stack(0x000000c367d10000,0x000000c367e10000) (1024K)]
  0x000001e7cf8e7570 ConcurrentGCThread "G1 Refine#0"               terminated
  0x000001e7cf8e7ef0 ConcurrentGCThread "G1 Service"                terminated
Total: 20

Threads with active compile tasks:
Total: 0

VM state: at safepoint (shutting down)

VM Mutex/Monitor currently owned by a thread:  ([mutex/lock_event])
[0x00007ff923cea5f8] Threads_lock - owner thread: 0x000001e7cfa416b0
[0x00007ff923cea6f8] Heap_lock - owner thread: 0x000001e820cb2940

Heap address: 0x0000000701c00000, size: 4068 MB, Compressed Oops mode: Zero based, Oop shift amount: 3

CDS archive(s) mapped at: [0x000001e7d0000000-0x000001e7d0c90000-0x000001e7d0c90000), size 13172736, SharedBaseAddress: 0x000001e7d0000000, ArchiveRelocationMode: 1.
Compressed class space mapped at: 0x000001e7d1000000-0x000001e811000000, reserved size: 1073741824
Narrow klass base: 0x000001e7d0000000, Narrow klass shift: 0, Narrow klass range: 0x100000000

GC Precious Log:
 CardTable entry size: 512
 Card Set container configuration: InlinePtr #cards 4 size 8 Array Of Cards #cards 16 size 48 Howl #buckets 8 coarsen threshold 3686 Howl Bitmap #cards 512 size 80 coarsen threshold 460 Card regions per heap region 1 cards per card region 4096
 CPUs: 16 total, 16 available
 Memory: 16270M
 Large Page Support: Disabled
 NUMA Support: Disabled
 Compressed Oops: Enabled (Zero based)
 Heap Region Size: 2M
 Heap Min Capacity: 8M
 Heap Initial Capacity: 256M
 Heap Max Capacity: 4068M
 Pre-touch: Disabled
 Parallel Workers: 13
 Concurrent Workers: 3
 Concurrent Refinement Workers: 13
 Periodic GC: Disabled

Heap:
 garbage-first heap   total 276480K, used 271645K [0x0000000701c00000, 0x0000000800000000)
  region size 2048K, 45 young (92160K), 2 survivors (4096K)
 Metaspace       used 22256K, committed 22656K, reserved 1114112K
  class space    used 3095K, committed 3264K, reserved 1048576K

Heap Regions: E=young(eden), S=young(survivor), O=old, HS=humongous(starts), HC=humongous(continues), CS=collection set, F=free, TAMS=top-at-mark-start, PB=parsable bottom
|   0|0x0000000701c00000, 0x0000000701e00000, 0x0000000701e00000|100%|HS|  |TAMS 0x0000000701c00000| PB 0x0000000701c00000| Complete 
|   1|0x0000000701e00000, 0x0000000702000000, 0x0000000702000000|100%|HS|  |TAMS 0x0000000701e00000| PB 0x0000000701e00000| Complete 
|   2|0x0000000702000000, 0x0000000702200000, 0x0000000702200000|100%| O|  |TAMS 0x0000000702000000| PB 0x0000000702000000| Untracked 
|   3|0x0000000702200000, 0x0000000702400000, 0x0000000702400000|100%| O|Cm|TAMS 0x0000000702200000| PB 0x0000000702200000| Complete 
|   4|0x0000000702400000, 0x0000000702600000, 0x0000000702600000|100%|HS|  |TAMS 0x0000000702400000| PB 0x0000000702400000| Complete 
|   5|0x0000000702600000, 0x0000000702800000, 0x0000000702800000|100%|HS|  |TAMS 0x0000000702600000| PB 0x0000000702600000| Complete 
|   6|0x0000000702800000, 0x0000000702a00000, 0x0000000702a00000|100%|HC|  |TAMS 0x0000000702800000| PB 0x0000000702800000| Complete 
|   7|0x0000000702a00000, 0x0000000702c00000, 0x0000000702c00000|100%|HC|  |TAMS 0x0000000702a00000| PB 0x0000000702a00000| Complete 
|   8|0x0000000702c00000, 0x0000000702e00000, 0x0000000702e00000|100%|HC|  |TAMS 0x0000000702c00000| PB 0x0000000702c00000| Complete 
|   9|0x0000000702e00000, 0x0000000703000000, 0x0000000703000000|100%|HC|  |TAMS 0x0000000702e00000| PB 0x0000000702e00000| Complete 
|  10|0x0000000703000000, 0x0000000703200000, 0x0000000703200000|100%|HC|  |TAMS 0x0000000703000000| PB 0x0000000703000000| Complete 
|  11|0x0000000703200000, 0x0000000703400000, 0x0000000703400000|100%|HC|  |TAMS 0x0000000703200000| PB 0x0000000703200000| Complete 
|  12|0x0000000703400000, 0x0000000703600000, 0x0000000703600000|100%|HC|  |TAMS 0x0000000703400000| PB 0x0000000703400000| Complete 
|  13|0x0000000703600000, 0x0000000703800000, 0x0000000703800000|100%|HC|  |TAMS 0x0000000703600000| PB 0x0000000703600000| Complete 
|  14|0x0000000703800000, 0x0000000703a00000, 0x0000000703a00000|100%|HS|  |TAMS 0x0000000703800000| PB 0x0000000703800000| Complete 
|  15|0x0000000703a00000, 0x0000000703c00000, 0x0000000703c00000|100%|HC|  |TAMS 0x0000000703a00000| PB 0x0000000703a00000| Complete 
|  16|0x0000000703c00000, 0x0000000703e00000, 0x0000000703e00000|100%|HC|  |TAMS 0x0000000703c00000| PB 0x0000000703c00000| Complete 
|  17|0x0000000703e00000, 0x0000000704000000, 0x0000000704000000|100%|HC|  |TAMS 0x0000000703e00000| PB 0x0000000703e00000| Complete 
|  18|0x0000000704000000, 0x0000000704200000, 0x0000000704200000|100%|HC|  |TAMS 0x0000000704000000| PB 0x0000000704000000| Complete 
|  19|0x0000000704200000, 0x0000000704400000, 0x0000000704400000|100%|HC|  |TAMS 0x0000000704200000| PB 0x0000000704200000| Complete 
|  20|0x0000000704400000, 0x0000000704600000, 0x0000000704600000|100%|HC|  |TAMS 0x0000000704400000| PB 0x0000000704400000| Complete 
|  21|0x0000000704600000, 0x0000000704800000, 0x0000000704800000|100%|HS|  |TAMS 0x0000000704600000| PB 0x0000000704600000| Complete 
|  22|0x0000000704800000, 0x0000000704a00000, 0x0000000704a00000|100%|HC|  |TAMS 0x0000000704800000| PB 0x0000000704800000| Complete 
|  23|0x0000000704a00000, 0x0000000704c00000, 0x0000000704c00000|100%|HC|  |TAMS 0x0000000704a00000| PB 0x0000000704a00000| Complete 
|  24|0x0000000704c00000, 0x0000000704e00000, 0x0000000704e00000|100%|HC|  |TAMS 0x0000000704c00000| PB 0x0000000704c00000| Complete 
|  25|0x0000000704e00000, 0x0000000705000000, 0x0000000705000000|100%|HC|  |TAMS 0x0000000704e00000| PB 0x0000000704e00000| Complete 
|  26|0x0000000705000000, 0x0000000705200000, 0x0000000705200000|100%|HC|  |TAMS 0x0000000705000000| PB 0x0000000705000000| Complete 
|  27|0x0000000705200000, 0x0000000705400000, 0x0000000705400000|100%|HC|  |TAMS 0x0000000705200000| PB 0x0000000705200000| Complete 
|  28|0x0000000705400000, 0x0000000705600000, 0x0000000705600000|100%|HS|  |TAMS 0x0000000705400000| PB 0x0000000705400000| Complete 
|  29|0x0000000705600000, 0x0000000705800000, 0x0000000705800000|100%|HC|  |TAMS 0x0000000705600000| PB 0x0000000705600000| Complete 
|  30|0x0000000705800000, 0x0000000705a00000, 0x0000000705a00000|100%|HC|  |TAMS 0x0000000705800000| PB 0x0000000705800000| Complete 
|  31|0x0000000705a00000, 0x0000000705c00000, 0x0000000705c00000|100%|HC|  |TAMS 0x0000000705a00000| PB 0x0000000705a00000| Complete 
|  32|0x0000000705c00000, 0x0000000705e00000, 0x0000000705e00000|100%|HC|  |TAMS 0x0000000705c00000| PB 0x0000000705c00000| Complete 
|  33|0x0000000705e00000, 0x0000000706000000, 0x0000000706000000|100%|HC|  |TAMS 0x0000000705e00000| PB 0x0000000705e00000| Complete 
|  34|0x0000000706000000, 0x0000000706200000, 0x0000000706200000|100%|HC|  |TAMS 0x0000000706000000| PB 0x0000000706000000| Complete 
|  35|0x0000000706200000, 0x0000000706400000, 0x0000000706400000|100%|HS|  |TAMS 0x0000000706200000| PB 0x0000000706200000| Complete 
|  36|0x0000000706400000, 0x0000000706600000, 0x0000000706600000|100%|HC|  |TAMS 0x0000000706400000| PB 0x0000000706400000| Complete 
|  37|0x0000000706600000, 0x0000000706800000, 0x0000000706800000|100%|HC|  |TAMS 0x0000000706600000| PB 0x0000000706600000| Complete 
|  38|0x0000000706800000, 0x0000000706a00000, 0x0000000706a00000|100%|HC|  |TAMS 0x0000000706800000| PB 0x0000000706800000| Complete 
|  39|0x0000000706a00000, 0x0000000706c00000, 0x0000000706c00000|100%|HC|  |TAMS 0x0000000706a00000| PB 0x0000000706a00000| Complete 
|  40|0x0000000706c00000, 0x0000000706e00000, 0x0000000706e00000|100%|HC|  |TAMS 0x0000000706c00000| PB 0x0000000706c00000| Complete 
|  41|0x0000000706e00000, 0x0000000707000000, 0x0000000707000000|100%|HC|  |TAMS 0x0000000706e00000| PB 0x0000000706e00000| Complete 
|  42|0x0000000707000000, 0x0000000707200000, 0x0000000707200000|100%|HS|  |TAMS 0x0000000707000000| PB 0x0000000707000000| Complete 
|  43|0x0000000707200000, 0x0000000707400000, 0x0000000707400000|100%|HC|  |TAMS 0x0000000707200000| PB 0x0000000707200000| Complete 
|  44|0x0000000707400000, 0x0000000707600000, 0x0000000707600000|100%|HC|  |TAMS 0x0000000707400000| PB 0x0000000707400000| Complete 
|  45|0x0000000707600000, 0x0000000707800000, 0x0000000707800000|100%|HC|  |TAMS 0x0000000707600000| PB 0x0000000707600000| Complete 
|  46|0x0000000707800000, 0x0000000707a00000, 0x0000000707a00000|100%|HC|  |TAMS 0x0000000707800000| PB 0x0000000707800000| Complete 
|  47|0x0000000707a00000, 0x0000000707c00000, 0x0000000707c00000|100%|HC|  |TAMS 0x0000000707a00000| PB 0x0000000707a00000| Complete 
|  48|0x0000000707c00000, 0x0000000707e00000, 0x0000000707e00000|100%|HC|  |TAMS 0x0000000707c00000| PB 0x0000000707c00000| Complete 
|  49|0x0000000707e00000, 0x0000000708000000, 0x0000000708000000|100%|HS|  |TAMS 0x0000000707e00000| PB 0x0000000707e00000| Complete 
|  50|0x0000000708000000, 0x0000000708200000, 0x0000000708200000|100%|HC|  |TAMS 0x0000000708000000| PB 0x0000000708000000| Complete 
|  51|0x0000000708200000, 0x0000000708400000, 0x0000000708400000|100%|HC|  |TAMS 0x0000000708200000| PB 0x0000000708200000| Complete 
|  52|0x0000000708400000, 0x0000000708600000, 0x0000000708600000|100%|HC|  |TAMS 0x0000000708400000| PB 0x0000000708400000| Complete 
|  53|0x0000000708600000, 0x0000000708800000, 0x0000000708800000|100%|HC|  |TAMS 0x0000000708600000| PB 0x0000000708600000| Complete 
|  54|0x0000000708800000, 0x0000000708a00000, 0x0000000708a00000|100%|HC|  |TAMS 0x0000000708800000| PB 0x0000000708800000| Complete 
|  55|0x0000000708a00000, 0x0000000708c00000, 0x0000000708c00000|100%|HC|  |TAMS 0x0000000708a00000| PB 0x0000000708a00000| Complete 
|  56|0x0000000708c00000, 0x0000000708e00000, 0x0000000708e00000|100%|HS|  |TAMS 0x0000000708c00000| PB 0x0000000708c00000| Complete 
|  57|0x0000000708e00000, 0x0000000709000000, 0x0000000709000000|100%|HC|  |TAMS 0x0000000708e00000| PB 0x0000000708e00000| Complete 
|  58|0x0000000709000000, 0x0000000709200000, 0x0000000709200000|100%|HC|  |TAMS 0x0000000709000000| PB 0x0000000709000000| Complete 
|  59|0x0000000709200000, 0x0000000709400000, 0x0000000709400000|100%|HC|  |TAMS 0x0000000709200000| PB 0x0000000709200000| Complete 
|  60|0x0000000709400000, 0x0000000709600000, 0x0000000709600000|100%|HC|  |TAMS 0x0000000709400000| PB 0x0000000709400000| Complete 
|  61|0x0000000709600000, 0x0000000709800000, 0x0000000709800000|100%|HC|  |TAMS 0x0000000709600000| PB 0x0000000709600000| Complete 
|  62|0x0000000709800000, 0x0000000709a00000, 0x0000000709a00000|100%|HC|  |TAMS 0x0000000709800000| PB 0x0000000709800000| Complete 
|  63|0x0000000709a00000, 0x0000000709c00000, 0x0000000709c00000|100%|HS|  |TAMS 0x0000000709a00000| PB 0x0000000709a00000| Complete 
|  64|0x0000000709c00000, 0x0000000709e00000, 0x0000000709e00000|100%|HS|  |TAMS 0x0000000709c00000| PB 0x0000000709c00000| Complete 
|  65|0x0000000709e00000, 0x000000070a000000, 0x000000070a000000|100%|HC|  |TAMS 0x0000000709e00000| PB 0x0000000709e00000| Complete 
|  66|0x000000070a000000, 0x000000070a200000, 0x000000070a200000|100%|HC|  |TAMS 0x000000070a000000| PB 0x000000070a000000| Complete 
|  67|0x000000070a200000, 0x000000070a400000, 0x000000070a400000|100%|HC|  |TAMS 0x000000070a200000| PB 0x000000070a200000| Complete 
|  68|0x000000070a400000, 0x000000070a600000, 0x000000070a600000|100%|HC|  |TAMS 0x000000070a400000| PB 0x000000070a400000| Complete 
|  69|0x000000070a600000, 0x000000070a800000, 0x000000070a800000|100%|HC|  |TAMS 0x000000070a600000| PB 0x000000070a600000| Complete 
|  70|0x000000070a800000, 0x000000070aa00000, 0x000000070aa00000|100%|HC|  |TAMS 0x000000070a800000| PB 0x000000070a800000| Complete 
|  71|0x000000070aa00000, 0x000000070ac00000, 0x000000070ac00000|100%|HC|  |TAMS 0x000000070aa00000| PB 0x000000070aa00000| Complete 
|  72|0x000000070ac00000, 0x000000070ae00000, 0x000000070ae00000|100%| O|  |TAMS 0x000000070ac00000| PB 0x000000070ac00000| Untracked 
|  73|0x000000070ae00000, 0x000000070b000000, 0x000000070b000000|100%|HS|  |TAMS 0x000000070ae00000| PB 0x000000070ae00000| Complete 
|  74|0x000000070b000000, 0x000000070b200000, 0x000000070b200000|100%|HC|  |TAMS 0x000000070b000000| PB 0x000000070b000000| Complete 
|  75|0x000000070b200000, 0x000000070b400000, 0x000000070b400000|100%| O|  |TAMS 0x000000070b200000| PB 0x000000070b200000| Untracked 
|  76|0x000000070b400000, 0x000000070b4d6120, 0x000000070b600000| 41%| O|  |TAMS 0x000000070b400000| PB 0x000000070b400000| Untracked 
|  77|0x000000070b600000, 0x000000070b800000, 0x000000070b800000|100%|HS|  |TAMS 0x000000070b600000| PB 0x000000070b600000| Complete 
|  78|0x000000070b800000, 0x000000070ba00000, 0x000000070ba00000|100%|HS|  |TAMS 0x000000070b800000| PB 0x000000070b800000| Complete 
|  79|0x000000070ba00000, 0x000000070bc00000, 0x000000070bc00000|100%|HC|  |TAMS 0x000000070ba00000| PB 0x000000070ba00000| Complete 
|  80|0x000000070bc00000, 0x000000070be00000, 0x000000070be00000|100%|HS|  |TAMS 0x000000070bc00000| PB 0x000000070bc00000| Complete 
|  81|0x000000070be00000, 0x000000070c000000, 0x000000070c000000|100%|HS|  |TAMS 0x000000070be00000| PB 0x000000070be00000| Complete 
|  82|0x000000070c000000, 0x000000070c200000, 0x000000070c200000|100%|HS|  |TAMS 0x000000070c000000| PB 0x000000070c000000| Complete 
|  83|0x000000070c200000, 0x000000070c400000, 0x000000070c400000|100%|HS|  |TAMS 0x000000070c200000| PB 0x000000070c200000| Complete 
|  84|0x000000070c400000, 0x000000070c600000, 0x000000070c600000|100%|HC|  |TAMS 0x000000070c400000| PB 0x000000070c400000| Complete 
|  85|0x000000070c600000, 0x000000070c800000, 0x000000070c800000|100%|HC|  |TAMS 0x000000070c600000| PB 0x000000070c600000| Complete 
|  86|0x000000070c800000, 0x000000070ca00000, 0x000000070ca00000|100%|HC|  |TAMS 0x000000070c800000| PB 0x000000070c800000| Complete 
|  87|0x000000070ca00000, 0x000000070cc00000, 0x000000070cc00000|100%|HC|  |TAMS 0x000000070ca00000| PB 0x000000070ca00000| Complete 
|  88|0x000000070cc00000, 0x000000070ce00000, 0x000000070ce00000|100%|HC|  |TAMS 0x000000070cc00000| PB 0x000000070cc00000| Complete 
|  89|0x000000070ce00000, 0x000000070d000000, 0x000000070d000000|100%|HC|  |TAMS 0x000000070ce00000| PB 0x000000070ce00000| Complete 
|  90|0x000000070d000000, 0x000000070d108b70, 0x000000070d200000| 51%| E|  |TAMS 0x000000070d000000| PB 0x000000070d000000| Complete 
|  91|0x000000070d200000, 0x000000070d400000, 0x000000070d400000|100%| E|CS|TAMS 0x000000070d200000| PB 0x000000070d200000| Complete 
|  92|0x000000070d400000, 0x000000070d600000, 0x000000070d600000|100%| E|CS|TAMS 0x000000070d400000| PB 0x000000070d400000| Complete 
|  93|0x000000070d600000, 0x000000070d800000, 0x000000070d800000|100%| E|CS|TAMS 0x000000070d600000| PB 0x000000070d600000| Complete 
|  94|0x000000070d800000, 0x000000070da00000, 0x000000070da00000|100%| E|CS|TAMS 0x000000070d800000| PB 0x000000070d800000| Complete 
|  95|0x000000070da00000, 0x000000070dc00000, 0x000000070dc00000|100%| E|CS|TAMS 0x000000070da00000| PB 0x000000070da00000| Complete 
|  96|0x000000070dc00000, 0x000000070de00000, 0x000000070de00000|100%| E|CS|TAMS 0x000000070dc00000| PB 0x000000070dc00000| Complete 
|  97|0x000000070de00000, 0x000000070e000000, 0x000000070e000000|100%| E|CS|TAMS 0x000000070de00000| PB 0x000000070de00000| Complete 
|  98|0x000000070e000000, 0x000000070e200000, 0x000000070e200000|100%| E|CS|TAMS 0x000000070e000000| PB 0x000000070e000000| Complete 
|  99|0x000000070e200000, 0x000000070e400000, 0x000000070e400000|100%| E|CS|TAMS 0x000000070e200000| PB 0x000000070e200000| Complete 
| 100|0x000000070e400000, 0x000000070e600000, 0x000000070e600000|100%| E|CS|TAMS 0x000000070e400000| PB 0x000000070e400000| Complete 
| 101|0x000000070e600000, 0x000000070e800000, 0x000000070e800000|100%| E|CS|TAMS 0x000000070e600000| PB 0x000000070e600000| Complete 
| 102|0x000000070e800000, 0x000000070ea00000, 0x000000070ea00000|100%| E|CS|TAMS 0x000000070e800000| PB 0x000000070e800000| Complete 
| 103|0x000000070ea00000, 0x000000070ec00000, 0x000000070ec00000|100%| E|CS|TAMS 0x000000070ea00000| PB 0x000000070ea00000| Complete 
| 104|0x000000070ec00000, 0x000000070ee00000, 0x000000070ee00000|100%| E|CS|TAMS 0x000000070ec00000| PB 0x000000070ec00000| Complete 
| 105|0x000000070ee00000, 0x000000070f000000, 0x000000070f000000|100%| E|CS|TAMS 0x000000070ee00000| PB 0x000000070ee00000| Complete 
| 106|0x000000070f000000, 0x000000070f200000, 0x000000070f200000|100%| E|CS|TAMS 0x000000070f000000| PB 0x000000070f000000| Complete 
| 107|0x000000070f200000, 0x000000070f400000, 0x000000070f400000|100%| E|CS|TAMS 0x000000070f200000| PB 0x000000070f200000| Complete 
| 108|0x000000070f400000, 0x000000070f600000, 0x000000070f600000|100%| E|CS|TAMS 0x000000070f400000| PB 0x000000070f400000| Complete 
| 109|0x000000070f600000, 0x000000070f800000, 0x000000070f800000|100%| E|CS|TAMS 0x000000070f600000| PB 0x000000070f600000| Complete 
| 110|0x000000070f800000, 0x000000070fa00000, 0x000000070fa00000|100%| E|CS|TAMS 0x000000070f800000| PB 0x000000070f800000| Complete 
| 111|0x000000070fa00000, 0x000000070fc00000, 0x000000070fc00000|100%| E|CS|TAMS 0x000000070fa00000| PB 0x000000070fa00000| Complete 
| 112|0x000000070fc00000, 0x000000070fe00000, 0x000000070fe00000|100%| E|CS|TAMS 0x000000070fc00000| PB 0x000000070fc00000| Complete 
| 113|0x000000070fe00000, 0x0000000710000000, 0x0000000710000000|100%| E|CS|TAMS 0x000000070fe00000| PB 0x000000070fe00000| Complete 
| 114|0x0000000710000000, 0x0000000710200000, 0x0000000710200000|100%| E|CS|TAMS 0x0000000710000000| PB 0x0000000710000000| Complete 
| 115|0x0000000710200000, 0x0000000710400000, 0x0000000710400000|100%| E|CS|TAMS 0x0000000710200000| PB 0x0000000710200000| Complete 
| 116|0x0000000710400000, 0x0000000710600000, 0x0000000710600000|100%| E|CS|TAMS 0x0000000710400000| PB 0x0000000710400000| Complete 
| 117|0x0000000710600000, 0x0000000710800000, 0x0000000710800000|100%| E|CS|TAMS 0x0000000710600000| PB 0x0000000710600000| Complete 
| 118|0x0000000710800000, 0x0000000710a00000, 0x0000000710a00000|100%| E|CS|TAMS 0x0000000710800000| PB 0x0000000710800000| Complete 
| 119|0x0000000710a00000, 0x0000000710c00000, 0x0000000710c00000|100%| E|CS|TAMS 0x0000000710a00000| PB 0x0000000710a00000| Complete 
| 120|0x0000000710c00000, 0x0000000710e00000, 0x0000000710e00000|100%| E|CS|TAMS 0x0000000710c00000| PB 0x0000000710c00000| Complete 
| 121|0x0000000710e00000, 0x0000000711000000, 0x0000000711000000|100%| E|CS|TAMS 0x0000000710e00000| PB 0x0000000710e00000| Complete 
| 122|0x0000000711000000, 0x0000000711200000, 0x0000000711200000|100%| E|CS|TAMS 0x0000000711000000| PB 0x0000000711000000| Complete 
| 123|0x0000000711200000, 0x0000000711400000, 0x0000000711400000|100%| E|CS|TAMS 0x0000000711200000| PB 0x0000000711200000| Complete 
| 124|0x0000000711400000, 0x0000000711600000, 0x0000000711600000|100%| E|CS|TAMS 0x0000000711400000| PB 0x0000000711400000| Complete 
| 125|0x0000000711600000, 0x0000000711800000, 0x0000000711800000|100%| E|CS|TAMS 0x0000000711600000| PB 0x0000000711600000| Complete 
| 126|0x0000000711800000, 0x0000000711a00000, 0x0000000711a00000|100%| E|CS|TAMS 0x0000000711800000| PB 0x0000000711800000| Complete 
| 127|0x0000000711a00000, 0x0000000711c00000, 0x0000000711c00000|100%| E|CS|TAMS 0x0000000711a00000| PB 0x0000000711a00000| Complete 
| 128|0x0000000711c00000, 0x0000000711e00000, 0x0000000711e00000|100%| E|CS|TAMS 0x0000000711c00000| PB 0x0000000711c00000| Complete 
| 129|0x0000000711e00000, 0x0000000711e71610, 0x0000000712000000| 22%| S|CS|TAMS 0x0000000711e00000| PB 0x0000000711e00000| Complete 
| 130|0x0000000712000000, 0x0000000712200000, 0x0000000712200000|100%| S|CS|TAMS 0x0000000712000000| PB 0x0000000712000000| Complete 
| 131|0x0000000712200000, 0x0000000712400000, 0x0000000712400000|100%| E|CS|TAMS 0x0000000712200000| PB 0x0000000712200000| Complete 
| 132|0x0000000712400000, 0x0000000712600000, 0x0000000712600000|100%| E|CS|TAMS 0x0000000712400000| PB 0x0000000712400000| Complete 
| 133|0x0000000712600000, 0x0000000712800000, 0x0000000712800000|100%| E|CS|TAMS 0x0000000712600000| PB 0x0000000712600000| Complete 
| 134|0x0000000712800000, 0x0000000712a00000, 0x0000000712a00000|100%| E|CS|TAMS 0x0000000712800000| PB 0x0000000712800000| Complete 

Card table byte_map: [0x000001e7c8330000,0x000001e7c8b30000] _byte_map_base: 0x000001e7c4b22000

Marking Bits: (CMBitMap*) 0x000001e7afece040
 Bits: [0x000001e7c8b30000, 0x000001e7ccac0000)

Polling page: 0x000001e7ade20000

Metaspace:

Usage:
  Non-class:     18.71 MB used.
      Class:      3.02 MB used.
       Both:     21.73 MB used.

Virtual space:
  Non-class space:       64.00 MB reserved,      18.94 MB ( 30%) committed,  1 nodes.
      Class space:        1.00 GB reserved,       3.19 MB ( <1%) committed,  1 nodes.
             Both:        1.06 GB reserved,      22.12 MB (  2%) committed. 

Chunk freelists:
   Non-Class:  12.67 MB
       Class:  12.83 MB
        Both:  25.50 MB

MaxMetaspaceSize: unlimited
CompressedClassSpaceSize: 1.00 GB
Initial GC threshold: 21.00 MB
Current GC threshold: 29.50 MB
CDS: on
 - commit_granule_bytes: 65536.
 - commit_granule_words: 8192.
 - virtual_space_node_default_size: 8388608.
 - enlarge_chunks_in_place: 1.
 - use_allocation_guard: 0.


Internal statistics:

num_allocs_failed_limit: 0.
num_arena_births: 434.
num_arena_deaths: 0.
num_vsnodes_births: 2.
num_vsnodes_deaths: 0.
num_space_committed: 354.
num_space_uncommitted: 0.
num_chunks_returned_to_freelist: 0.
num_chunks_taken_from_freelist: 1179.
num_chunk_merges: 0.
num_chunk_splits: 811.
num_chunks_enlarged: 596.
num_inconsistent_stats: 0.

CodeHeap 'non-profiled nmethods': size=119168Kb used=3424Kb max_used=3424Kb free=115743Kb
 bounds [0x000001e7bfe50000, 0x000001e7c01b0000, 0x000001e7c72b0000]
CodeHeap 'profiled nmethods': size=119104Kb used=13017Kb max_used=13017Kb free=106086Kb
 bounds [0x000001e7b82b0000, 0x000001e7b8f70000, 0x000001e7bf700000]
CodeHeap 'non-nmethods': size=7488Kb used=1860Kb max_used=3606Kb free=5627Kb
 bounds [0x000001e7bf700000, 0x000001e7bfaa0000, 0x000001e7bfe50000]
 total_blobs=6761 nmethods=5901 adapters=764
 compilation: enabled
              stopped_count=0, restarted_count=0
 full_count=0

Compilation events (20 events):
Event: 207.121 Thread 0x000001e7cfa78160 6338   !   3       javafx.scene.Scene$DnDGesture::process (124 bytes)
Event: 207.122 Thread 0x000001e7cfa78160 nmethod 6338 0x000001e7b8f65110 code [0x000001e7b8f65380, 0x000001e7b8f65e18]
Event: 207.168 Thread 0x000001e7cfa6f150 6339   !   4       javafx.scene.Node::sceneToLocal (13 bytes)
Event: 207.172 Thread 0x000001e7cfa6f150 nmethod 6339 0x000001e7c01a2a90 code [0x000001e7c01a2cc0, 0x000001e7c01a3438]
Event: 207.577 Thread 0x000001e7cfa78160 6340       3       javafx.animation.Animation::getCycleDuration (24 bytes)
Event: 207.577 Thread 0x000001e7cfa78160 nmethod 6340 0x000001e7b8f66110 code [0x000001e7b8f662c0, 0x000001e7b8f665f0]
Event: 222.353 Thread 0x000001e7cfa6f150 6341   !   4       java.util.concurrent.locks.AbstractQueuedSynchronizer::tryInitializeHead (66 bytes)
Event: 222.355 Thread 0x000001e7cfa6f150 nmethod 6341 0x000001e7c01a3b10 code [0x000001e7c01a3ca0, 0x000001e7c01a3fa0]
Event: 223.053 Thread 0x000001e7cfa6f150 6342       4       java.util.concurrent.locks.AbstractQueuedSynchronizer$Node::clearStatus (12 bytes)
Event: 223.053 Thread 0x000001e7cfa6f150 nmethod 6342 0x000001e7c01a4090 code [0x000001e7c01a4220, 0x000001e7c01a42b0]
Event: 225.053 Thread 0x000001e7cfa6f150 6343       4       java.security.AccessControlContext::combine (205 bytes)
Event: 225.058 Thread 0x000001e7cfa6f150 nmethod 6343 0x000001e7c01a4390 code [0x000001e7c01a4560, 0x000001e7c01a4e38]
Event: 228.352 Thread 0x000001e7cfa6f150 6344   !   4       java.util.concurrent.locks.AbstractQueuedSynchronizer$ConditionObject::newConditionNode (78 bytes)
Event: 228.356 Thread 0x000001e7cfa6f150 nmethod 6344 0x000001e7c01a5210 code [0x000001e7c01a5400, 0x000001e7c01a58f0]
Event: 229.248 Thread 0x000001e7cfa6f150 6345   !   4       java.util.concurrent.locks.AbstractQueuedSynchronizer$ConditionObject::await (185 bytes)
Event: 229.260 Thread 0x000001e7cfa6f150 nmethod 6345 0x000001e7c01a5b90 code [0x000001e7c01a5e40, 0x000001e7c01a6eb0]
Event: 238.536 Thread 0x000001e7cfa6f150 6346       4       java.util.ArrayList::indexOfRange (71 bytes)
Event: 238.538 Thread 0x000001e7cfa6f150 nmethod 6346 0x000001e7c01a7910 code [0x000001e7c01a7aa0, 0x000001e7c01a7d88]
Event: 241.300 Thread 0x000001e7cfa78160 6347       1       java.util.logging.LogManager$LoggerContext::getOwner (5 bytes)
Event: 241.300 Thread 0x000001e7cfa78160 nmethod 6347 0x000001e7c01a7f10 code [0x000001e7c01a80a0, 0x000001e7c01a8170]

GC Heap History (12 events):
Event: 0.862 GC heap before
{Heap before GC invocations=0 (full 0):
 garbage-first heap   total 262144K, used 22528K [0x0000000701c00000, 0x0000000800000000)
  region size 2048K, 11 young (22528K), 0 survivors (0K)
 Metaspace       used 3576K, committed 3840K, reserved 1114112K
  class space    used 369K, committed 512K, reserved 1048576K
}
Event: 0.866 GC heap after
{Heap after GC invocations=1 (full 0):
 garbage-first heap   total 262144K, used 2186K [0x0000000701c00000, 0x0000000800000000)
  region size 2048K, 2 young (4096K), 2 survivors (4096K)
 Metaspace       used 3576K, committed 3840K, reserved 1114112K
  class space    used 369K, committed 512K, reserved 1048576K
}
Event: 1.403 GC heap before
{Heap before GC invocations=1 (full 0):
 garbage-first heap   total 262144K, used 45194K [0x0000000701c00000, 0x0000000800000000)
  region size 2048K, 22 young (45056K), 2 survivors (4096K)
 Metaspace       used 12485K, committed 12864K, reserved 1114112K
  class space    used 1698K, committed 1856K, reserved 1048576K
}
Event: 1.411 GC heap after
{Heap after GC invocations=2 (full 0):
 garbage-first heap   total 262144K, used 13255K [0x0000000701c00000, 0x0000000800000000)
  region size 2048K, 3 young (6144K), 3 survivors (6144K)
 Metaspace       used 12485K, committed 12864K, reserved 1114112K
  class space    used 1698K, committed 1856K, reserved 1048576K
}
Event: 29.213 GC heap before
{Heap before GC invocations=2 (full 0):
 garbage-first heap   total 262144K, used 142279K [0x0000000701c00000, 0x0000000800000000)
  region size 2048K, 15 young (30720K), 3 survivors (6144K)
 Metaspace       used 17187K, committed 17536K, reserved 1114112K
  class space    used 2464K, committed 2624K, reserved 1048576K
}
Event: 29.217 GC heap after
{Heap after GC invocations=3 (full 0):
 garbage-first heap   total 262144K, used 121383K [0x0000000701c00000, 0x0000000800000000)
  region size 2048K, 4 young (8192K), 4 survivors (8192K)
 Metaspace       used 17187K, committed 17536K, reserved 1114112K
  class space    used 2464K, committed 2624K, reserved 1048576K
}
Event: 29.285 GC heap before
{Heap before GC invocations=3 (full 0):
 garbage-first heap   total 262144K, used 139815K [0x0000000701c00000, 0x0000000800000000)
  region size 2048K, 7 young (14336K), 4 survivors (8192K)
 Metaspace       used 17761K, committed 18112K, reserved 1114112K
  class space    used 2572K, committed 2752K, reserved 1048576K
}
Event: 29.288 GC heap after
{Heap after GC invocations=4 (full 0):
 garbage-first heap   total 262144K, used 136135K [0x0000000701c00000, 0x0000000800000000)
  region size 2048K, 4 young (8192K), 4 survivors (8192K)
 Metaspace       used 17761K, committed 18112K, reserved 1114112K
  class space    used 2572K, committed 2752K, reserved 1048576K
}
Event: 29.410 GC heap before
{Heap before GC invocations=5 (full 0):
 garbage-first heap   total 262144K, used 156615K [0x0000000701c00000, 0x0000000800000000)
  region size 2048K, 6 young (12288K), 4 survivors (8192K)
 Metaspace       used 17800K, committed 18176K, reserved 1114112K
  class space    used 2572K, committed 2752K, reserved 1048576K
}
Event: 29.414 GC heap after
{Heap after GC invocations=6 (full 0):
 garbage-first heap   total 262144K, used 156114K [0x0000000701c00000, 0x0000000800000000)
  region size 2048K, 4 young (8192K), 4 survivors (8192K)
 Metaspace       used 17800K, committed 18176K, reserved 1114112K
  class space    used 2572K, committed 2752K, reserved 1048576K
}
Event: 29.430 GC heap before
{Heap before GC invocations=7 (full 0):
 garbage-first heap   total 270336K, used 160210K [0x0000000701c00000, 0x0000000800000000)
  region size 2048K, 5 young (10240K), 4 survivors (8192K)
 Metaspace       used 17800K, committed 18176K, reserved 1114112K
  class space    used 2572K, committed 2752K, reserved 1048576K
}
Event: 29.432 GC heap after
{Heap after GC invocations=8 (full 0):
 garbage-first heap   total 270336K, used 159005K [0x0000000701c00000, 0x0000000800000000)
  region size 2048K, 2 young (4096K), 2 survivors (4096K)
 Metaspace       used 17800K, committed 18176K, reserved 1114112K
  class space    used 2572K, committed 2752K, reserved 1048576K
}

Dll operation events (20 events):
Event: 0.716 Loaded shared library C:\Users\BigMac\.openjfx\cache\20+19\amd64\api-ms-win-crt-process-l1-1-0.dll
Event: 0.718 Loaded shared library C:\Users\BigMac\.openjfx\cache\20+19\amd64\api-ms-win-crt-runtime-l1-1-0.dll
Event: 0.720 Loaded shared library C:\Users\BigMac\.openjfx\cache\20+19\amd64\api-ms-win-crt-stdio-l1-1-0.dll
Event: 0.722 Loaded shared library C:\Users\BigMac\.openjfx\cache\20+19\amd64\api-ms-win-crt-string-l1-1-0.dll
Event: 0.724 Loaded shared library C:\Users\BigMac\.openjfx\cache\20+19\amd64\api-ms-win-crt-time-l1-1-0.dll
Event: 0.725 Loaded shared library C:\Users\BigMac\.openjfx\cache\20+19\amd64\api-ms-win-crt-utility-l1-1-0.dll
Event: 0.735 Loaded shared library C:\Users\BigMac\.openjfx\cache\20+19\amd64\ucrtbase.dll
Event: 0.738 Loaded shared library C:\Users\BigMac\.openjfx\cache\20+19\amd64\vcruntime140.dll
Event: 0.740 Loaded shared library C:\Users\BigMac\.openjfx\cache\20+19\amd64\vcruntime140_1.dll
Event: 0.745 Loaded shared library C:\Users\BigMac\.openjfx\cache\20+19\amd64\msvcp140.dll
Event: 0.747 Loaded shared library C:\Users\BigMac\.openjfx\cache\20+19\amd64\msvcp140_1.dll
Event: 0.752 Loaded shared library C:\Users\BigMac\.openjfx\cache\20+19\amd64\msvcp140_2.dll
Event: 0.791 Loaded shared library C:\Users\BigMac\.openjfx\cache\20+19\amd64\prism_d3d.dll
Event: 0.860 Loaded shared library C:\Users\BigMac\.openjfx\cache\20+19\amd64\glass.dll
Event: 0.978 Loaded shared library C:\Users\BigMac\.jdks\openjdk-21.0.1\bin\jimage.dll
Event: 1.120 Loaded shared library C:\Users\BigMac\.openjfx\cache\20+19\amd64\javafx_iio.dll
Event: 1.179 Loaded shared library C:\Users\BigMac\.openjfx\cache\20+19\amd64\javafx_font.dll
Event: 29.577 Loaded shared library C:\Users\BigMac\.openjfx\cache\20+19\amd64\glib-lite.dll
Event: 29.602 Loaded shared library C:\Users\BigMac\.openjfx\cache\20+19\amd64\gstreamer-lite.dll
Event: 29.638 Loaded shared library C:\Users\BigMac\.openjfx\cache\20+19\amd64\jfxmedia.dll

Deoptimization events (20 events):
Event: 115.119 Thread 0x000001e815bd1d50 Uncommon trap: trap_request=0xffffff45 fr.pc=0x000001e7c00ec8c4 relative=0x00000000000006a4
Event: 115.119 Thread 0x000001e815bd1d50 Uncommon trap: reason=unstable_if action=reinterpret pc=0x000001e7c00ec8c4 method=java.util.regex.Pattern$BmpCharProperty.match(Ljava/util/regex/Matcher;ILjava/lang/CharSequence;)Z @ 39 c2
Event: 115.119 Thread 0x000001e815bd1d50 DEOPT PACKING pc=0x000001e7c00ec8c4 sp=0x000000c3666fc820
Event: 115.119 Thread 0x000001e815bd1d50 DEOPT UNPACKING pc=0x000001e7bf7546a2 sp=0x000000c3666fc778 mode 2
Event: 115.130 Thread 0x000001e815bd1d50 Uncommon trap: trap_request=0xffffff45 fr.pc=0x000001e7c0113794 relative=0x0000000000000074
Event: 115.130 Thread 0x000001e815bd1d50 Uncommon trap: reason=unstable_if action=reinterpret pc=0x000001e7c0113794 method=javafx.scene.Parent.getManagedChildren()Ljava/util/List; @ 4 c2
Event: 115.130 Thread 0x000001e815bd1d50 DEOPT PACKING pc=0x000001e7c0113794 sp=0x000000c3666fc900
Event: 115.130 Thread 0x000001e815bd1d50 DEOPT UNPACKING pc=0x000001e7bf7546a2 sp=0x000000c3666fc888 mode 2
Event: 207.148 Thread 0x000001e815bd1d50 Uncommon trap: trap_request=0xffffff45 fr.pc=0x000001e7c003c3f4 relative=0x0000000000000134
Event: 207.148 Thread 0x000001e815bd1d50 Uncommon trap: reason=unstable_if action=reinterpret pc=0x000001e7c003c3f4 method=java.lang.ThreadLocal$ThreadLocalMap.getEntry(Ljava/lang/ThreadLocal;)Ljava/lang/ThreadLocal$ThreadLocalMap$Entry; @ 29 c2
Event: 207.148 Thread 0x000001e815bd1d50 DEOPT PACKING pc=0x000001e7c003c3f4 sp=0x000000c3666f8ad0
Event: 207.148 Thread 0x000001e815bd1d50 DEOPT UNPACKING pc=0x000001e7bf7546a2 sp=0x000000c3666f8990 mode 2
Event: 238.540 Thread 0x000001e815bd1d50 Uncommon trap: trap_request=0xffffff76 fr.pc=0x000001e7c012c6a4 relative=0x0000000000000524
Event: 238.540 Thread 0x000001e815bd1d50 Uncommon trap: reason=predicate action=maybe_recompile pc=0x000001e7c012c6a4 method=java.util.ArrayList.remove(Ljava/lang/Object;)Z @ 42 c2
Event: 238.540 Thread 0x000001e815bd1d50 DEOPT PACKING pc=0x000001e7c012c6a4 sp=0x000000c3666f8210
Event: 238.540 Thread 0x000001e815bd1d50 DEOPT UNPACKING pc=0x000001e7bf7546a2 sp=0x000000c3666f81e0 mode 2
Event: 241.300 Thread 0x000001e815841c30 Uncommon trap: trap_request=0xffffff45 fr.pc=0x000001e7c01a6350 relative=0x0000000000000510
Event: 241.300 Thread 0x000001e815841c30 Uncommon trap: reason=unstable_if action=reinterpret pc=0x000001e7c01a6350 method=java.util.concurrent.locks.AbstractQueuedSynchronizer$ConditionNode.isReleasable()Z @ 14 c2
Event: 241.300 Thread 0x000001e815841c30 DEOPT PACKING pc=0x000001e7c01a6350 sp=0x000000c3660ff310
Event: 241.300 Thread 0x000001e815841c30 DEOPT UNPACKING pc=0x000001e7bf7546a2 sp=0x000000c3660ff138 mode 2

Classes loaded (20 events):
Event: 29.656 Loading class java/nio/HeapByteBufferR
Event: 29.656 Loading class java/nio/HeapByteBufferR done
Event: 29.656 Loading class java/util/ArrayList$ListItr
Event: 29.656 Loading class java/util/ArrayList$ListItr done
Event: 29.661 Loading class java/util/MissingResourceException
Event: 29.661 Loading class java/util/MissingResourceException done
Event: 29.920 Loading class java/lang/FdLibm$Atan2
Event: 29.920 Loading class java/lang/FdLibm$Atan2 done
Event: 29.965 Loading class java/lang/FdLibm$Acos
Event: 29.965 Loading class java/lang/FdLibm$Acos done
Event: 36.340 Loading class java/util/TaskQueue
Event: 36.341 Loading class java/util/TaskQueue done
Event: 36.341 Loading class java/util/TimerThread
Event: 36.341 Loading class java/util/TimerThread done
Event: 36.341 Loading class java/util/Timer$ThreadReaper
Event: 36.341 Loading class java/util/Timer$ThreadReaper done
Event: 113.667 Loading class java/lang/foreign/MemorySegment
Event: 113.667 Loading class java/lang/foreign/MemorySegment done
Event: 241.299 Loading class jdk/internal/misc/Signal$1
Event: 241.299 Loading class jdk/internal/misc/Signal$1 done

Classes unloaded (0 events):
No events

Classes redefined (0 events):
No events

Internal exceptions (20 events):
Event: 28.853 Thread 0x000001e815bd1d50 Exception <a 'java/lang/NoSuchMethodError'{0x00000007106ec2b0}: 'void java.lang.invoke.DirectMethodHandle$Holder.invokeStatic(java.lang.Object, java.lang.Object, int, java.lang.Object)'> (0x00000007106ec2b0) 
thrown [s\open\src\hotspot\share\interpreter\linkResolver.cpp, line 773]
Event: 28.853 Thread 0x000001e815bd1d50 Exception <a 'java/lang/NoSuchMethodError'{0x00000007106f2fd0}: 'void java.lang.invoke.DelegatingMethodHandle$Holder.delegate(java.lang.Object, java.lang.Object, int, java.lang.Object)'> (0x00000007106f2fd0) 
thrown [s\open\src\hotspot\share\interpreter\linkResolver.cpp, line 773]
Event: 29.405 Thread 0x000001e815bd1d50 Exception <a 'java/io/FileNotFoundException'{0x0000000711aff0a0}> (0x0000000711aff0a0) 
thrown [s\open\src\hotspot\share\prims\jni.cpp, line 520]
Event: 29.439 Thread 0x000001e815bd1d50 Exception <a 'java/io/FileNotFoundException'{0x0000000712209b08}> (0x0000000712209b08) 
thrown [s\open\src\hotspot\share\prims\jni.cpp, line 520]
Event: 29.465 Thread 0x000001e815bd1d50 Exception <a 'java/io/FileNotFoundException'{0x000000071222b828}> (0x000000071222b828) 
thrown [s\open\src\hotspot\share\prims\jni.cpp, line 520]
Event: 29.641 Thread 0x000001e815bd1d50 Exception <a 'java/lang/NoSuchMethodError'{0x0000000712633ca8}: 'long java.lang.invoke.DirectMethodHandle$Holder.invokeVirtual(java.lang.Object, java.lang.Object)'> (0x0000000712633ca8) 
thrown [s\open\src\hotspot\share\interpreter\linkResolver.cpp, line 773]
Event: 29.641 Thread 0x000001e815bd1d50 Exception <a 'java/lang/NoSuchMethodError'{0x00000007126376d8}: 'long java.lang.invoke.DelegatingMethodHandle$Holder.reinvoke_L(java.lang.Object, java.lang.Object)'> (0x00000007126376d8) 
thrown [s\open\src\hotspot\share\interpreter\linkResolver.cpp, line 773]
Event: 29.643 Thread 0x000001e815bd1d50 Implicit null exception at 0x000001e7bff82e44 to 0x000001e7bff8362c
Event: 29.643 Thread 0x000001e815bd1d50 Implicit null exception at 0x000001e7bff053c0 to 0x000001e7bff05b9c
Event: 29.663 Thread 0x000001e815bd1d50 Exception <a 'sun/nio/fs/WindowsException'{0x0000000712467430}> (0x0000000712467430) 
thrown [s\open\src\hotspot\share\prims\jni.cpp, line 520]
Event: 29.663 Thread 0x000001e815bd1d50 Exception <a 'sun/nio/fs/WindowsException'{0x0000000712469070}> (0x0000000712469070) 
thrown [s\open\src\hotspot\share\prims\jni.cpp, line 520]
Event: 29.663 Thread 0x000001e815bd1d50 Exception <a 'sun/nio/fs/WindowsException'{0x000000071246af18}> (0x000000071246af18) 
thrown [s\open\src\hotspot\share\prims\jni.cpp, line 520]
Event: 29.812 Thread 0x000001e815bd1d50 Exception <a 'java/io/FileNotFoundException'{0x000000071107d070}> (0x000000071107d070) 
thrown [s\open\src\hotspot\share\prims\jni.cpp, line 520]
Event: 29.812 Thread 0x000001e815bd1d50 Exception <a 'java/io/FileNotFoundException'{0x000000071107f460}> (0x000000071107f460) 
thrown [s\open\src\hotspot\share\prims\jni.cpp, line 520]
Event: 29.813 Thread 0x000001e815bd1d50 Exception <a 'java/io/FileNotFoundException'{0x0000000711084380}> (0x0000000711084380) 
thrown [s\open\src\hotspot\share\prims\jni.cpp, line 520]
Event: 29.813 Thread 0x000001e815bd1d50 Exception <a 'java/io/FileNotFoundException'{0x00000007110861e0}> (0x00000007110861e0) 
thrown [s\open\src\hotspot\share\prims\jni.cpp, line 520]
Event: 29.953 Thread 0x000001e815841c30 Exception <a 'java/lang/NoSuchMethodError'{0x00000007108fef10}: 'java.lang.Object java.lang.invoke.DirectMethodHandle$Holder.invokeStaticInit(java.lang.Object, int)'> (0x00000007108fef10) 
thrown [s\open\src\hotspot\share\interpreter\linkResolver.cpp, line 773]
Event: 30.002 Thread 0x000001e815bd1d50 Exception <a 'java/lang/NoSuchMethodError'{0x00000007108203b0}: 'java.lang.Object java.lang.invoke.DirectMethodHandle$Holder.newInvokeSpecial(java.lang.Object, java.lang.Object, double)'> (0x00000007108203b0) 
thrown [s\open\src\hotspot\share\interpreter\linkResolver.cpp, line 773]
Event: 32.248 Thread 0x000001e815bd1d50 Implicit null exception at 0x000001e7bffeca3c to 0x000001e7bfff02bc
Event: 36.342 Thread 0x000001e820cab320 Exception <a 'java/lang/NoSuchMethodError'{0x00000007104f7290}: 'java.lang.Object java.lang.invoke.DirectMethodHandle$Holder.newInvokeSpecial(java.lang.Object, java.lang.Object, double, double)'> (0x00000007104f7290) 
thrown [s\open\src\hotspot\share\interpreter\linkResolver.cpp, line 773]

ZGC Phase Switch (0 events):
No events

VM Operations (20 events):
Event: 115.174 Executing VM operation: Cleanup done
Event: 117.175 Executing VM operation: Cleanup
Event: 117.175 Executing VM operation: Cleanup done
Event: 118.175 Executing VM operation: Cleanup
Event: 118.175 Executing VM operation: Cleanup done
Event: 120.280 Executing VM operation: HandshakeAllThreads (HandshakeForDeflation)
Event: 120.280 Executing VM operation: HandshakeAllThreads (HandshakeForDeflation) done
Event: 120.280 Executing VM operation: RendezvousGCThreads
Event: 120.280 Executing VM operation: RendezvousGCThreads done
Event: 180.389 Executing VM operation: HandshakeAllThreads (HandshakeForDeflation)
Event: 180.389 Executing VM operation: HandshakeAllThreads (HandshakeForDeflation) done
Event: 180.389 Executing VM operation: RendezvousGCThreads
Event: 180.389 Executing VM operation: RendezvousGCThreads done
Event: 207.399 Executing VM operation: Cleanup
Event: 207.399 Executing VM operation: Cleanup done
Event: 208.400 Executing VM operation: Cleanup
Event: 208.400 Executing VM operation: Cleanup done
Event: 239.414 Executing VM operation: Cleanup
Event: 239.414 Executing VM operation: Cleanup done
Event: 241.301 Executing VM operation: Exit

Events (20 events):
Event: 106.659 Thread 0x000001e820cafb50 Thread exited: 0x000001e820cafb50
Event: 106.659 Thread 0x000001e820caf4c0 Thread added: 0x000001e820caf4c0
Event: 106.659 Thread 0x000001e820caf4c0 Thread exited: 0x000001e820caf4c0
Event: 109.633 Thread 0x000001e820cac6d0 Thread exited: 0x000001e820cac6d0
Event: 109.633 Thread 0x000001e820caf4c0 Thread added: 0x000001e820caf4c0
Event: 109.633 Thread 0x000001e820caf4c0 Thread exited: 0x000001e820caf4c0
Event: 115.016 Thread 0x000001e8209ac9a0 Thread added: 0x000001e8209ac9a0
Event: 115.016 Thread 0x000001e8209ad070 Thread added: 0x000001e8209ad070
Event: 115.016 Thread 0x000001e8209aebb0 Thread added: 0x000001e8209aebb0
Event: 115.126 Thread 0x000001e8209b0020 Thread added: 0x000001e8209b0020
Event: 115.541 Thread 0x000001e8209b0020 Thread exited: 0x000001e8209b0020
Event: 116.079 Thread 0x000001e8209aebb0 Thread exited: 0x000001e8209aebb0
Event: 116.743 Thread 0x000001e8209ad070 Thread exited: 0x000001e8209ad070
Event: 122.320 Thread 0x000001e8209ac9a0 Thread exited: 0x000001e8209ac9a0
Event: 241.300 Thread 0x000001e820cb2940 Thread added: 0x000001e820cb2940
Event: 241.300 Thread 0x000001e820cada80 Thread added: 0x000001e820cada80
Event: 241.300 Thread 0x000001e820cab9b0 Thread added: 0x000001e820cab9b0
Event: 241.300 Thread 0x000001e820cada80 Thread exited: 0x000001e820cada80
Event: 241.301 Thread 0x000001e820cab9b0 Thread exited: 0x000001e820cab9b0
Event: 241.301 Thread 0x000001e7cfa65280 Thread exited: 0x000001e7cfa65280


Dynamic libraries:
0x00007ff7b2f10000 - 0x00007ff7b2f1e000 	C:\Users\BigMac\.jdks\openjdk-21.0.1\bin\java.exe
0x00007ff9a0f70000 - 0x00007ff9a1187000 	C:\WINDOWS\SYSTEM32\ntdll.dll
0x00007ff99f790000 - 0x00007ff99f854000 	C:\WINDOWS\System32\KERNEL32.DLL
0x00007ff99e360000 - 0x00007ff99e705000 	C:\WINDOWS\System32\KERNELBASE.dll
0x00007ff99e880000 - 0x00007ff99e991000 	C:\WINDOWS\System32\ucrtbase.dll
0x00007ff97d610000 - 0x00007ff97d628000 	C:\Users\BigMac\.jdks\openjdk-21.0.1\bin\jli.dll
0x00007ff97d5f0000 - 0x00007ff97d60b000 	C:\Users\BigMac\.jdks\openjdk-21.0.1\bin\VCRUNTIME140.dll
0x00007ff9a07f0000 - 0x00007ff9a099e000 	C:\WINDOWS\System32\USER32.dll
0x00007ff99e9a0000 - 0x00007ff99e9c6000 	C:\WINDOWS\System32\win32u.dll
0x00007ff992130000 - 0x00007ff9923c3000 	C:\WINDOWS\WinSxS\amd64_microsoft.windows.common-controls_6595b64144ccf1df_6.0.22621.2506_none_270c5ae97388e100\COMCTL32.dll
0x00007ff99f890000 - 0x00007ff99f8b9000 	C:\WINDOWS\System32\GDI32.dll
0x00007ff99ecc0000 - 0x00007ff99ed67000 	C:\WINDOWS\System32\msvcrt.dll
0x00007ff99e9d0000 - 0x00007ff99eae9000 	C:\WINDOWS\System32\gdi32full.dll
0x00007ff99ec20000 - 0x00007ff99ecba000 	C:\WINDOWS\System32\msvcp_win.dll
0x00007ff99ee20000 - 0x00007ff99ee51000 	C:\WINDOWS\System32\IMM32.DLL
0x00007ff99b600000 - 0x00007ff99b60c000 	C:\Users\BigMac\.jdks\openjdk-21.0.1\bin\vcruntime140_1.dll
0x00007ff979f60000 - 0x00007ff979fee000 	C:\Users\BigMac\.jdks\openjdk-21.0.1\bin\msvcp140.dll
0x00007ff9230b0000 - 0x00007ff923dc5000 	C:\Users\BigMac\.jdks\openjdk-21.0.1\bin\server\jvm.dll
0x00007ff99f5a0000 - 0x00007ff99f651000 	C:\WINDOWS\System32\ADVAPI32.dll
0x00007ff99ed70000 - 0x00007ff99ee16000 	C:\WINDOWS\System32\sechost.dll
0x00007ff9a05a0000 - 0x00007ff9a06b7000 	C:\WINDOWS\System32\RPCRT4.dll
0x00007ff9a0ce0000 - 0x00007ff9a0d51000 	C:\WINDOWS\System32\WS2_32.dll
0x00007ff99d130000 - 0x00007ff99d17d000 	C:\WINDOWS\SYSTEM32\POWRPROF.dll
0x00007ff997150000 - 0x00007ff997184000 	C:\WINDOWS\SYSTEM32\WINMM.dll
0x00007ff996600000 - 0x00007ff99660a000 	C:\WINDOWS\SYSTEM32\VERSION.dll
0x00007ff99d110000 - 0x00007ff99d123000 	C:\WINDOWS\SYSTEM32\UMPDC.dll
0x00007ff99d370000 - 0x00007ff99d388000 	C:\WINDOWS\SYSTEM32\kernel.appcore.dll
0x00007ff98d0d0000 - 0x00007ff98d0da000 	C:\Users\BigMac\.jdks\openjdk-21.0.1\bin\jimage.dll
0x00007ff98a630000 - 0x00007ff98a863000 	C:\WINDOWS\SYSTEM32\DBGHELP.DLL
0x00007ff99efb0000 - 0x00007ff99f339000 	C:\WINDOWS\System32\combase.dll
0x00007ff9a09b0000 - 0x00007ff9a0a87000 	C:\WINDOWS\System32\OLEAUT32.dll
0x00007ff96cc40000 - 0x00007ff96cc72000 	C:\WINDOWS\SYSTEM32\dbgcore.DLL
0x00007ff99e2e0000 - 0x00007ff99e35a000 	C:\WINDOWS\System32\bcryptPrimitives.dll
0x00007ff97d3c0000 - 0x00007ff97d3cf000 	C:\Users\BigMac\.jdks\openjdk-21.0.1\bin\instrument.dll
0x00007ff97d5d0000 - 0x00007ff97d5ef000 	C:\Users\BigMac\.jdks\openjdk-21.0.1\bin\java.dll
0x00007ff99f8c0000 - 0x00007ff9a0119000 	C:\WINDOWS\System32\SHELL32.dll
0x00007ff99c210000 - 0x00007ff99cb04000 	C:\WINDOWS\SYSTEM32\windows.storage.dll
0x00007ff99c0d0000 - 0x00007ff99c20e000 	C:\WINDOWS\SYSTEM32\wintypes.dll
0x00007ff9a06c0000 - 0x00007ff9a07b3000 	C:\WINDOWS\System32\SHCORE.dll
0x00007ff99f660000 - 0x00007ff99f6be000 	C:\WINDOWS\System32\shlwapi.dll
0x00007ff99e210000 - 0x00007ff99e236000 	C:\WINDOWS\SYSTEM32\profapi.dll
0x00007ff940e00000 - 0x00007ff940ed7000 	C:\Users\BigMac\.jdks\openjdk-21.0.1\bin\jsvml.dll
0x00007ff9822f0000 - 0x00007ff982300000 	C:\Users\BigMac\.jdks\openjdk-21.0.1\bin\net.dll
0x00007ff997a00000 - 0x00007ff997b37000 	C:\WINDOWS\SYSTEM32\WINHTTP.dll
0x00007ff99d850000 - 0x00007ff99d8b9000 	C:\WINDOWS\system32\mswsock.dll
0x00007ff97d5b0000 - 0x00007ff97d5c6000 	C:\Users\BigMac\.jdks\openjdk-21.0.1\bin\nio.dll
0x00007ff97be70000 - 0x00007ff97be88000 	C:\Users\BigMac\.jdks\openjdk-21.0.1\bin\zip.dll
0x00007ff976540000 - 0x00007ff97655a000 	C:\Program Files\JetBrains\IntelliJ IDEA Community Edition 2023.1.1\bin\breakgen64.dll
0x000001e7ade70000 - 0x000001e7ade73000 	C:\Users\BigMac\.openjfx\cache\20+19\amd64\api-ms-win-core-console-l1-1-0.dll
0x000001e7cff90000 - 0x000001e7cff93000 	C:\Users\BigMac\.openjfx\cache\20+19\amd64\api-ms-win-core-console-l1-2-0.dll
0x000001e7cffa0000 - 0x000001e7cffa3000 	C:\Users\BigMac\.openjfx\cache\20+19\amd64\api-ms-win-core-datetime-l1-1-0.dll
0x000001e7cffb0000 - 0x000001e7cffb3000 	C:\Users\BigMac\.openjfx\cache\20+19\amd64\api-ms-win-core-debug-l1-1-0.dll
0x000001e7cffc0000 - 0x000001e7cffc3000 	C:\Users\BigMac\.openjfx\cache\20+19\amd64\api-ms-win-core-errorhandling-l1-1-0.dll
0x000001e7cffd0000 - 0x000001e7cffd4000 	C:\Users\BigMac\.openjfx\cache\20+19\amd64\api-ms-win-core-file-l1-1-0.dll
0x000001e7cffe0000 - 0x000001e7cffe3000 	C:\Users\BigMac\.openjfx\cache\20+19\amd64\api-ms-win-core-file-l1-2-0.dll
0x000001e7cfff0000 - 0x000001e7cfff3000 	C:\Users\BigMac\.openjfx\cache\20+19\amd64\api-ms-win-core-file-l2-1-0.dll
0x000001e8167d0000 - 0x000001e8167d3000 	C:\Users\BigMac\.openjfx\cache\20+19\amd64\api-ms-win-core-handle-l1-1-0.dll
0x000001e8167e0000 - 0x000001e8167e3000 	C:\Users\BigMac\.openjfx\cache\20+19\amd64\api-ms-win-core-heap-l1-1-0.dll
0x000001e8167f0000 - 0x000001e8167f3000 	C:\Users\BigMac\.openjfx\cache\20+19\amd64\api-ms-win-core-interlocked-l1-1-0.dll
0x000001e816800000 - 0x000001e816803000 	C:\Users\BigMac\.openjfx\cache\20+19\amd64\api-ms-win-core-libraryloader-l1-1-0.dll
0x000001e816810000 - 0x000001e816813000 	C:\Users\BigMac\.openjfx\cache\20+19\amd64\api-ms-win-core-localization-l1-2-0.dll
0x000001e816820000 - 0x000001e816823000 	C:\Users\BigMac\.openjfx\cache\20+19\amd64\api-ms-win-core-memory-l1-1-0.dll
0x000001e816830000 - 0x000001e816833000 	C:\Users\BigMac\.openjfx\cache\20+19\amd64\api-ms-win-core-namedpipe-l1-1-0.dll
0x000001e816840000 - 0x000001e816843000 	C:\Users\BigMac\.openjfx\cache\20+19\amd64\api-ms-win-core-processenvironment-l1-1-0.dll
0x000001e816850000 - 0x000001e816853000 	C:\Users\BigMac\.openjfx\cache\20+19\amd64\api-ms-win-core-processthreads-l1-1-0.dll
0x000001e816860000 - 0x000001e816863000 	C:\Users\BigMac\.openjfx\cache\20+19\amd64\api-ms-win-core-processthreads-l1-1-1.dll
0x000001e816870000 - 0x000001e816873000 	C:\Users\BigMac\.openjfx\cache\20+19\amd64\api-ms-win-core-profile-l1-1-0.dll
0x000001e816880000 - 0x000001e816883000 	C:\Users\BigMac\.openjfx\cache\20+19\amd64\api-ms-win-core-rtlsupport-l1-1-0.dll
0x000001e816890000 - 0x000001e816893000 	C:\Users\BigMac\.openjfx\cache\20+19\amd64\api-ms-win-core-string-l1-1-0.dll
0x000001e8168a0000 - 0x000001e8168a3000 	C:\Users\BigMac\.openjfx\cache\20+19\amd64\api-ms-win-core-synch-l1-1-0.dll
0x000001e8168b0000 - 0x000001e8168b3000 	C:\Users\BigMac\.openjfx\cache\20+19\amd64\api-ms-win-core-synch-l1-2-0.dll
0x000001e8168c0000 - 0x000001e8168c3000 	C:\Users\BigMac\.openjfx\cache\20+19\amd64\api-ms-win-core-sysinfo-l1-1-0.dll
0x000001e8168d0000 - 0x000001e8168d3000 	C:\Users\BigMac\.openjfx\cache\20+19\amd64\api-ms-win-core-timezone-l1-1-0.dll
0x000001e8168e0000 - 0x000001e8168e3000 	C:\Users\BigMac\.openjfx\cache\20+19\amd64\api-ms-win-core-util-l1-1-0.dll
0x000001e8168f0000 - 0x000001e8168f3000 	C:\Users\BigMac\.openjfx\cache\20+19\amd64\api-ms-win-crt-conio-l1-1-0.dll
0x000001e816900000 - 0x000001e816904000 	C:\Users\BigMac\.openjfx\cache\20+19\amd64\api-ms-win-crt-convert-l1-1-0.dll
0x000001e816910000 - 0x000001e816913000 	C:\Users\BigMac\.openjfx\cache\20+19\amd64\api-ms-win-crt-environment-l1-1-0.dll
0x000001e816920000 - 0x000001e816923000 	C:\Users\BigMac\.openjfx\cache\20+19\amd64\api-ms-win-crt-filesystem-l1-1-0.dll
0x000001e816930000 - 0x000001e816933000 	C:\Users\BigMac\.openjfx\cache\20+19\amd64\api-ms-win-crt-heap-l1-1-0.dll
0x000001e816940000 - 0x000001e816943000 	C:\Users\BigMac\.openjfx\cache\20+19\amd64\api-ms-win-crt-locale-l1-1-0.dll
0x000001e816950000 - 0x000001e816955000 	C:\Users\BigMac\.openjfx\cache\20+19\amd64\api-ms-win-crt-math-l1-1-0.dll
0x000001e816960000 - 0x000001e816965000 	C:\Users\BigMac\.openjfx\cache\20+19\amd64\api-ms-win-crt-multibyte-l1-1-0.dll
0x000001e816970000 - 0x000001e816980000 	C:\Users\BigMac\.openjfx\cache\20+19\amd64\api-ms-win-crt-private-l1-1-0.dll
0x000001e816980000 - 0x000001e816983000 	C:\Users\BigMac\.openjfx\cache\20+19\amd64\api-ms-win-crt-process-l1-1-0.dll
0x000001e816990000 - 0x000001e816994000 	C:\Users\BigMac\.openjfx\cache\20+19\amd64\api-ms-win-crt-runtime-l1-1-0.dll
0x000001e8169a0000 - 0x000001e8169a4000 	C:\Users\BigMac\.openjfx\cache\20+19\amd64\api-ms-win-crt-stdio-l1-1-0.dll
0x000001e8169b0000 - 0x000001e8169b4000 	C:\Users\BigMac\.openjfx\cache\20+19\amd64\api-ms-win-crt-string-l1-1-0.dll
0x000001e8169c0000 - 0x000001e8169c3000 	C:\Users\BigMac\.openjfx\cache\20+19\amd64\api-ms-win-crt-time-l1-1-0.dll
0x000001e8169d0000 - 0x000001e8169d3000 	C:\Users\BigMac\.openjfx\cache\20+19\amd64\api-ms-win-crt-utility-l1-1-0.dll
0x00007ff93e7c0000 - 0x00007ff93e8bc000 	C:\Users\BigMac\.openjfx\cache\20+19\amd64\ucrtbase.dll
0x00007ff974550000 - 0x00007ff97456b000 	C:\Users\BigMac\.openjfx\cache\20+19\amd64\vcruntime140.dll
0x00007ff977820000 - 0x00007ff97782c000 	C:\Users\BigMac\.openjfx\cache\20+19\amd64\vcruntime140_1.dll
0x00007ff944340000 - 0x00007ff9443ce000 	C:\Users\BigMac\.openjfx\cache\20+19\amd64\msvcp140.dll
0x00007ff975510000 - 0x00007ff975519000 	C:\Users\BigMac\.openjfx\cache\20+19\amd64\msvcp140_1.dll
0x00007ff962730000 - 0x00007ff962760000 	C:\Users\BigMac\.openjfx\cache\20+19\amd64\msvcp140_2.dll
0x00007ff962660000 - 0x00007ff96268f000 	C:\Users\BigMac\.openjfx\cache\20+19\amd64\prism_d3d.dll
0x00007ff939c60000 - 0x00007ff939e09000 	C:\WINDOWS\system32\d3d9.dll
0x00007ff99b9d0000 - 0x00007ff99b9fb000 	C:\WINDOWS\SYSTEM32\dwmapi.dll
0x00007ff99ba40000 - 0x00007ff99ba76000 	C:\WINDOWS\SYSTEM32\dxcore.dll
0x00007ff99b790000 - 0x00007ff99b83b000 	C:\WINDOWS\system32\uxtheme.dll
0x00007ff992a20000 - 0x00007ff992adc000 	C:\WINDOWS\System32\DriverStore\FileRepository\nv_dispi.inf_amd64_0905d5f86c27c241\nvldumdx.dll
0x00007ff99e000000 - 0x00007ff99e012000 	C:\WINDOWS\SYSTEM32\msasn1.dll
0x00007ff9965c0000 - 0x00007ff9965f2000 	C:\WINDOWS\SYSTEM32\cryptnet.dll
0x00007ff99e710000 - 0x00007ff99e876000 	C:\WINDOWS\System32\CRYPT32.dll
0x00007ff995f50000 - 0x00007ff9960a8000 	C:\WINDOWS\SYSTEM32\drvstore.dll
0x00007ff99dfd0000 - 0x00007ff99dffc000 	C:\WINDOWS\SYSTEM32\devobj.dll
0x00007ff99df80000 - 0x00007ff99dfce000 	C:\WINDOWS\SYSTEM32\cfgmgr32.dll
0x00007ff99db50000 - 0x00007ff99db9b000 	C:\WINDOWS\SYSTEM32\wldp.dll
0x00007ff99daa0000 - 0x00007ff99daac000 	C:\WINDOWS\SYSTEM32\cryptbase.dll
0x00007ff99ebb0000 - 0x00007ff99ec1c000 	C:\WINDOWS\System32\wintrust.dll
0x00007ff99f860000 - 0x00007ff99f87f000 	C:\WINDOWS\System32\imagehlp.dll
0x00007ff99dab0000 - 0x00007ff99dacb000 	C:\WINDOWS\SYSTEM32\CRYPTSP.dll
0x00007ff99d330000 - 0x00007ff99d365000 	C:\WINDOWS\system32\rsaenh.dll
0x00007ff99dc70000 - 0x00007ff99dc98000 	C:\WINDOWS\SYSTEM32\bcrypt.dll
0x00007ff936ad0000 - 0x00007ff939c5d000 	C:\WINDOWS\System32\DriverStore\FileRepository\nv_dispi.inf_amd64_0905d5f86c27c241\nvd3dumx.dll
0x00007ff9969d0000 - 0x00007ff996a1a000 	C:\WINDOWS\SYSTEM32\directxdatabasehelper.dll
0x00007ff942d20000 - 0x00007ff942d62000 	C:\Users\BigMac\.openjfx\cache\20+19\amd64\glass.dll
0x00007ff99f440000 - 0x00007ff99f539000 	C:\WINDOWS\System32\COMDLG32.dll
0x00007ff9a0a90000 - 0x00007ff9a0c30000 	C:\WINDOWS\System32\ole32.dll
0x00007ff99ee60000 - 0x00007ff99efaf000 	C:\WINDOWS\System32\MSCTF.dll
0x00007ff935530000 - 0x00007ff935801000 	C:\WINDOWS\system32\nvspcap64.dll
0x00007ff99d3f0000 - 0x00007ff99d424000 	C:\WINDOWS\SYSTEM32\ntmarta.dll
0x00007ff99d8e0000 - 0x00007ff99d906000 	C:\WINDOWS\SYSTEM32\gpapi.dll
0x00007ff943bf0000 - 0x00007ff943c1d000 	C:\Users\BigMac\.openjfx\cache\20+19\amd64\javafx_iio.dll
0x00007ff9642c0000 - 0x00007ff9642d4000 	C:\Users\BigMac\.openjfx\cache\20+19\amd64\javafx_font.dll
0x00007ff99a4e0000 - 0x00007ff99a753000 	C:\WINDOWS\SYSTEM32\dwrite.dll
0x00007ff9a0c30000 - 0x00007ff9a0ce0000 	C:\WINDOWS\System32\clbcatq.dll
0x00007ff999d40000 - 0x00007ff999ef0000 	C:\WINDOWS\SYSTEM32\WindowsCodecs.dll

dbghelp: loaded successfully - version: 4.0.5 - missing functions: none
symbol engine: initialized successfully - sym options: 0x614 - pdb path: .;C:\Users\BigMac\.jdks\openjdk-21.0.1\bin;C:\WINDOWS\SYSTEM32;C:\WINDOWS\WinSxS\amd64_microsoft.windows.common-controls_6595b64144ccf1df_6.0.22621.2506_none_270c5ae97388e100;C:\Users\BigMac\.jdks\openjdk-21.0.1\bin\server;C:\Program Files\JetBrains\IntelliJ IDEA Community Edition 2023.1.1\bin;C:\Users\BigMac\.openjfx\cache\20+19\amd64;C:\WINDOWS\System32\DriverStore\FileRepository\nv_dispi.inf_amd64_0905d5f86c27c241;C:\Program Files\Common Files\Microsoft Shared\Ink;C:\WINDOWS\WinSxS\amd64_microsoft.windows.gdiplus_6595b64144ccf1df_1.1.22621.2506_none_57f74dcece1b5ace;C:\Users\BigMac\AppData\Local\MEGAsync;C:\Users\BigMac\AppData\Local\Microsoft\OneDrive\23.226.1031.0003

VM Arguments:
jvm_args: -javaagent:C:\Program Files\JetBrains\IntelliJ IDEA Community Edition 2023.1.1\lib\idea_rt.jar=50128:C:\Program Files\JetBrains\IntelliJ IDEA Community Edition 2023.1.1\bin -Dfile.encoding=UTF-8 -Dsun.stdout.encoding=UTF-8 -Dsun.stderr.encoding=UTF-8 --module-path=C:\Users\BigMac\IdeaProjects\Wish122Full (2)\target\classes;C:\Users\BigMac\.m2\repository\org\openjfx\javafx-media\20\javafx-media-20-win.jar;C:\Users\BigMac\.m2\repository\org\kordamp\ikonli\ikonli-core\12.3.1\ikonli-core-12.3.1.jar;C:\Users\BigMac\.m2\repository\org\openjfx\javafx-fxml\20\javafx-fxml-20-win.jar;C:\Users\BigMac\.m2\repository\com\github\almasb\fxgl-scene\17.2\fxgl-scene-17.2.jar;C:\Users\BigMac\.m2\repository\org\openjfx\javafx-base\20\javafx-base-20-win.jar;C:\Users\BigMac\.m2\repository\com\github\almasb\fxgl\17.2\fxgl-17.2.jar;C:\Users\BigMac\.m2\repository\com\fasterxml\jackson\core\jackson-databind\2.12.1\jackson-databind-2.12.1.jar;C:\Users\BigMac\.m2\repository\com\fasterxml\jackson\core\jackson-annotations\2.12.1\jackson-annotations-2.12.1.jar;C:\Users\BigMac\.m2\repository\com\github\almasb\fxgl-core\17.2\fxgl-core-17.2.jar;C:\Users\BigMac\.m2\repository\com\dlsc\formsfx\formsfx-core\11.6.0\formsfx-core-11.6.0.jar;C:\Users\BigMac\.m2\repository\org\controlsfx\controlsfx\11.1.2\controlsfx-11.1.2.jar;C:\Users\BigMac\.m2\repository\com\github\almasb\fxgl-gameplay\17.2\fxgl-gameplay-17.2.jar;C:\Users\BigMac\.m2\repository\com\gluonhq\attach\storage\4.0.13\storage-4.0.13.jar;C:\Users\BigMac\.m2\repository\org\openjfx\javafx-graphics\20\javafx-graphics-20-win.jar;C:\Users\BigMac\.m2\repository\com\gluonhq\attach\util\4.0.13\util-4.0.13.jar;C:\Users\BigMac\.m2\repository\org\kordamp\bootstrapfx\bootstrapfx-core\0.4.0\bootstrapfx-core-0.4.0.jar;C:\Users\BigMac\.m2\repository\org\jetbrains\kotlin\kotlin-stdlib\1.6.0\kotlin-stdlib-1.6.0-modular.jar;C:\Users\BigMac\.m2\repository\org\openjfx\javafx-controls\20\javafx-controls-20-win.jar;C:\Users\BigMac\.m2\repository\com\github\almasb\fxgl-io\17.2\fxgl-io-17.2.jar;C:\Users\BigMac\.m2\repository\com\gluonhq\attach\lifecycle\4.0.13\lifecycle-4.0.13.jar;C:\Users\BigMac\.m2\repository\org\kordamp\ikonli\ikonli-javafx\12.3.1\ikonli-javafx-12.3.1.jar;C:\Users\BigMac\.m2\repository\com\gluon-Djdk.module.main=com.example.wish122full 
java_command: com.example.wish122full/com.example.wish122.Wish122
java_class_path (initial): C:\Users\BigMac\.m2\repository\org\openjfx\javafx-controls\20\javafx-controls-20.jar;C:\Users\BigMac\.m2\repository\org\openjfx\javafx-graphics\20\javafx-graphics-20.jar;C:\Users\BigMac\.m2\repository\org\openjfx\javafx-base\20\javafx-base-20.jar;C:\Users\BigMac\.m2\repository\org\openjfx\javafx-fxml\20\javafx-fxml-20.jar;C:\Users\BigMac\.m2\repository\org\openjfx\javafx-media\20\javafx-media-20.jar;C:\Users\BigMac\.m2\repository\org\jetbrains\annotations\13.0\annotations-13.0.jar;C:\Users\BigMac\.m2\repository\org\jetbrains\kotlin\kotlin-stdlib-common\1.6.0\kotlin-stdlib-common-1.6.0.jar
Launcher Type: SUN_STANDARD

[Global flags]
     intx CICompilerCount                          = 12                                        {product} {ergonomic}
     uint ConcGCThreads                            = 3                                         {product} {ergonomic}
     uint G1ConcRefinementThreads                  = 13                                        {product} {ergonomic}
   size_t G1HeapRegionSize                         = 2097152                                   {product} {ergonomic}
    uintx GCDrainStackTargetSize                   = 64                                        {product} {ergonomic}
   size_t InitialHeapSize                          = 268435456                                 {product} {ergonomic}
   size_t MarkStackSize                            = 4194304                                   {product} {ergonomic}
   size_t MaxHeapSize                              = 4265607168                                {product} {ergonomic}
   size_t MaxNewSize                               = 2558525440                                {product} {ergonomic}
   size_t MinHeapDeltaBytes                        = 2097152                                   {product} {ergonomic}
   size_t MinHeapSize                              = 8388608                                   {product} {ergonomic}
    uintx NonNMethodCodeHeapSize                   = 7602480                                {pd product} {ergonomic}
    uintx NonProfiledCodeHeapSize                  = 122027880                              {pd product} {ergonomic}
    uintx ProfiledCodeHeapSize                     = 122027880                              {pd product} {ergonomic}
    uintx ReservedCodeCacheSize                    = 251658240                              {pd product} {ergonomic}
     bool SegmentedCodeCache                       = true                                      {product} {ergonomic}
   size_t SoftMaxHeapSize                          = 4265607168                             {manageable} {ergonomic}
     bool UseCompressedOops                        = true                           {product lp64_product} {ergonomic}
     bool UseG1GC                                  = true                                      {product} {ergonomic}
     bool UseLargePagesIndividualAllocation        = false                                  {pd product} {ergonomic}

Logging:
Log output configuration:
 #0: stdout all=off uptime,level,tags foldmultilines=false
 #1: stderr all=off uptime,level,tags foldmultilines=false

Environment Variables:
PATH=C:\Program Files\Microsoft\jdk-11.0.16.101-hotspot\bin;C:\Program Files\Oculus\Support\oculus-runtime;C:\Windows\system32;C:\Windows;C:\Windows\System32\Wbem;C:\Windows\System32\WindowsPowerShell\v1.0\;C:\Windows\System32\OpenSSH\;C:\Program Files\NVIDIA Corporation\NVIDIA NvDLISR;C:\Program Files\Git\cmd;C:\Program Files\Microsoft SQL Server\150\Tools\Binn\;C:\Program Files\Microsoft SQL Server\Client SDK\ODBC\170\Tools\Binn\;C:\Program Files\dotnet\;C:\WINDOWS\system32;C:\WINDOWS;C:\WINDOWS\System32\Wbem;C:\WINDOWS\System32\WindowsPowerShell\v1.0\;C:\WINDOWS\System32\OpenSSH\;C:\Program Files (x86)\NVIDIA Corporation\PhysX\Common;C:\Users\BigMac\AppData\Local\Microsoft\WindowsApps;C:\Users\BigMac\.dotnet\tools;
USERNAME=BigMac
OS=Windows_NT
PROCESSOR_IDENTIFIER=AMD64 Family 25 Model 33 Stepping 2, AuthenticAMD
TMP=C:\Users\BigMac\AppData\Local\Temp
TEMP=C:\Users\BigMac\AppData\Local\Temp




Periodic native trim disabled

---------------  S Y S T E M  ---------------

OS:
 Windows 11 , 64 bit Build 22621 (10.0.22621.2506)
OS uptime: 4 days 2:33 hours

CPU: total 16 (initial active 16) (16 cores per cpu, 2 threads per core) family 25 model 33 stepping 2 microcode 0x0, cx8, cmov, fxsr, ht, mmx, 3dnowpref, sse, sse2, sse3, ssse3, sse4a, sse4.1, sse4.2, popcnt, lzcnt, tsc, tscinvbit, avx, avx2, aes, erms, clmul, bmi1, bmi2, adx, sha, fma, vzeroupper, clflush, clflushopt, rdtscp, rdpid, fsrm, f16c, pku, cet_ss
Processor Information for all 16 processors :
  Max Mhz: 3401, Current Mhz: 3401, Mhz Limit: 3401

Memory: 4k page, system-wide physical 16270M (3838M free)
TotalPageFile size 31630M (AvailPageFile size 11959M)
current process WorkingSet (physical memory assigned to process): 464M, peak: 472M
current process commit charge ("private bytes"): 737M, peak: 759M

vm_info: OpenJDK 64-Bit Server VM (21.0.1+12-29) for windows-amd64 JRE (21.0.1+12-29), built on 2023-10-05T13:27:09Z by "mach5one" with MS VC++ 17.1 (VS2022)

END.
